--------------------------------------------------------------------------------
Release 14.7 Trace  (nt64)
Copyright (c) 1995-2013 Xilinx, Inc.  All rights reserved.

C:\Xilinx\14.7\ISE_DS\ISE\bin\nt64\unwrapped\trce.exe -intstyle ise -v 3 -s 4
-n 3 -fastpaths -xml przystawka.twx przystawka.ncd -o przystawka.twr
przystawka.pcf -ucf LCD.ucf -ucf GenIO.ucf

Design file:              przystawka.ncd
Physical constraint file: przystawka.pcf
Device,package,speed:     xc3s500e,fg320,-4 (PRODUCTION 1.27 2013-10-13)
Report level:             verbose report

Environment Variable      Effect 
--------------------      ------ 
NONE                      No environment variables were set
--------------------------------------------------------------------------------

INFO:Timing:3412 - To improve timing, see the Timing Closure User Guide (UG612).
INFO:Timing:2752 - To get complete path coverage, use the unconstrained paths 
   option. All paths that are not constrained will be reported in the 
   unconstrained paths section(s) of the report.
INFO:Timing:3339 - The clock-to-out numbers in this timing report are based on 
   a 50 Ohm transmission line loading model.  For the details of this model, 
   and for more information on accounting for different loading conditions, 
   please see the device datasheet.
INFO:Timing:3390 - This architecture does not support a default System Jitter 
   value, please add SYSTEM_JITTER constraint to the UCF to modify the Clock 
   Uncertainty calculation.
INFO:Timing:3389 - This architecture does not support 'Discrete Jitter' and 
   'Phase Error' calculations, these terms will be zero in the Clock 
   Uncertainty calculation.  Please make appropriate modification to 
   SYSTEM_JITTER to account for the unsupported Discrete Jitter and Phase 
   Error.

================================================================================
Timing constraint: NET "Clk_50MHz_BUFGP/IBUFG" PERIOD = 20 ns HIGH 50%;
For more information, see Period Analysis in the Timing Closure User Guide (UG612).

 11408 paths analyzed, 523 endpoints analyzed, 0 failing endpoints
 0 timing errors detected. (0 setup errors, 0 hold errors, 0 component switching limit errors)
 Minimum period is   8.940ns.
--------------------------------------------------------------------------------

Paths for end point XLXI_24/slow_counter_27 (SLICE_X65Y13.CIN), 566 paths
--------------------------------------------------------------------------------
Slack (setup path):     11.060ns (requirement - (data path - clock path skew + uncertainty))
  Source:               XLXI_24/slow_counter_12 (FF)
  Destination:          XLXI_24/slow_counter_27 (FF)
  Requirement:          20.000ns
  Data Path Delay:      8.931ns (Levels of Logic = 19)
  Clock Path Skew:      -0.009ns (0.003 - 0.012)
  Source Clock:         Clk_50MHz_BUFGP rising at 0.000ns
  Destination Clock:    Clk_50MHz_BUFGP rising at 20.000ns
  Clock Uncertainty:    0.000ns

  Maximum Data Path: XLXI_24/slow_counter_12 to XLXI_24/slow_counter_27
    Location             Delay type         Delay(ns)  Physical Resource
                                                       Logical Resource(s)
    -------------------------------------------------  -------------------
    SLICE_X65Y6.XQ       Tcko                  0.591   XLXI_24/slow_counter<12>
                                                       XLXI_24/slow_counter_12
    SLICE_X67Y6.G2       net (fanout=2)        1.289   XLXI_24/slow_counter<12>
    SLICE_X67Y6.COUT     Topcyg                1.001   XLXI_24/Mcompar_slow_counter_cmp_ge0000_cy<1>
                                                       XLXI_24/Mcompar_slow_counter_cmp_ge0000_lut<1>
                                                       XLXI_24/Mcompar_slow_counter_cmp_ge0000_cy<1>
    SLICE_X67Y7.CIN      net (fanout=1)        0.000   XLXI_24/Mcompar_slow_counter_cmp_ge0000_cy<1>
    SLICE_X67Y7.COUT     Tbyp                  0.118   XLXI_24/Mcompar_slow_counter_cmp_ge0000_cy<3>
                                                       XLXI_24/Mcompar_slow_counter_cmp_ge0000_cy<2>
                                                       XLXI_24/Mcompar_slow_counter_cmp_ge0000_cy<3>
    SLICE_X67Y8.CIN      net (fanout=1)        0.000   XLXI_24/Mcompar_slow_counter_cmp_ge0000_cy<3>
    SLICE_X67Y8.COUT     Tbyp                  0.118   XLXI_24/Mcompar_slow_counter_cmp_ge0000_cy<5>
                                                       XLXI_24/Mcompar_slow_counter_cmp_ge0000_cy<4>
                                                       XLXI_24/Mcompar_slow_counter_cmp_ge0000_cy<5>
    SLICE_X67Y9.CIN      net (fanout=1)        0.000   XLXI_24/Mcompar_slow_counter_cmp_ge0000_cy<5>
    SLICE_X67Y9.COUT     Tbyp                  0.118   XLXI_24/Mcompar_slow_counter_cmp_ge0000_cy<7>
                                                       XLXI_24/Mcompar_slow_counter_cmp_ge0000_cy<6>
                                                       XLXI_24/Mcompar_slow_counter_cmp_ge0000_cy<7>
    SLICE_X67Y10.CIN     net (fanout=1)        0.000   XLXI_24/Mcompar_slow_counter_cmp_ge0000_cy<7>
    SLICE_X67Y10.COUT    Tbyp                  0.118   XLXI_24/Mcompar_slow_counter_cmp_ge0000_cy<9>
                                                       XLXI_24/Mcompar_slow_counter_cmp_ge0000_cy<8>
                                                       XLXI_24/Mcompar_slow_counter_cmp_ge0000_cy<9>
    SLICE_X67Y11.CIN     net (fanout=1)        0.000   XLXI_24/Mcompar_slow_counter_cmp_ge0000_cy<9>
    SLICE_X67Y11.COUT    Tbyp                  0.118   XLXI_24/slow_counter_cmp_ge0000
                                                       XLXI_24/Mcompar_slow_counter_cmp_ge0000_cy<10>
                                                       XLXI_24/slow_counter_cmp_ge0000_rt
    SLICE_X65Y1.F3       net (fanout=30)       1.998   XLXI_24/slow_counter_cmp_ge0000
    SLICE_X65Y1.COUT     Topcyf                1.162   XLXI_24/slow_counter<2>
                                                       XLXI_24/Mcount_slow_counter_lut<2>
                                                       XLXI_24/Mcount_slow_counter_cy<2>
                                                       XLXI_24/Mcount_slow_counter_cy<3>
    SLICE_X65Y2.CIN      net (fanout=1)        0.000   XLXI_24/Mcount_slow_counter_cy<3>
    SLICE_X65Y2.COUT     Tbyp                  0.118   XLXI_24/slow_counter<4>
                                                       XLXI_24/Mcount_slow_counter_cy<4>
                                                       XLXI_24/Mcount_slow_counter_cy<5>
    SLICE_X65Y3.CIN      net (fanout=1)        0.000   XLXI_24/Mcount_slow_counter_cy<5>
    SLICE_X65Y3.COUT     Tbyp                  0.118   XLXI_24/slow_counter<6>
                                                       XLXI_24/Mcount_slow_counter_cy<6>
                                                       XLXI_24/Mcount_slow_counter_cy<7>
    SLICE_X65Y4.CIN      net (fanout=1)        0.000   XLXI_24/Mcount_slow_counter_cy<7>
    SLICE_X65Y4.COUT     Tbyp                  0.118   XLXI_24/slow_counter<8>
                                                       XLXI_24/Mcount_slow_counter_cy<8>
                                                       XLXI_24/Mcount_slow_counter_cy<9>
    SLICE_X65Y5.CIN      net (fanout=1)        0.000   XLXI_24/Mcount_slow_counter_cy<9>
    SLICE_X65Y5.COUT     Tbyp                  0.118   XLXI_24/slow_counter<10>
                                                       XLXI_24/Mcount_slow_counter_cy<10>
                                                       XLXI_24/Mcount_slow_counter_cy<11>
    SLICE_X65Y6.CIN      net (fanout=1)        0.000   XLXI_24/Mcount_slow_counter_cy<11>
    SLICE_X65Y6.COUT     Tbyp                  0.118   XLXI_24/slow_counter<12>
                                                       XLXI_24/Mcount_slow_counter_cy<12>
                                                       XLXI_24/Mcount_slow_counter_cy<13>
    SLICE_X65Y7.CIN      net (fanout=1)        0.000   XLXI_24/Mcount_slow_counter_cy<13>
    SLICE_X65Y7.COUT     Tbyp                  0.118   XLXI_24/slow_counter<14>
                                                       XLXI_24/Mcount_slow_counter_cy<14>
                                                       XLXI_24/Mcount_slow_counter_cy<15>
    SLICE_X65Y8.CIN      net (fanout=1)        0.000   XLXI_24/Mcount_slow_counter_cy<15>
    SLICE_X65Y8.COUT     Tbyp                  0.118   XLXI_24/slow_counter<16>
                                                       XLXI_24/Mcount_slow_counter_cy<16>
                                                       XLXI_24/Mcount_slow_counter_cy<17>
    SLICE_X65Y9.CIN      net (fanout=1)        0.000   XLXI_24/Mcount_slow_counter_cy<17>
    SLICE_X65Y9.COUT     Tbyp                  0.118   XLXI_24/slow_counter<18>
                                                       XLXI_24/Mcount_slow_counter_cy<18>
                                                       XLXI_24/Mcount_slow_counter_cy<19>
    SLICE_X65Y10.CIN     net (fanout=1)        0.000   XLXI_24/Mcount_slow_counter_cy<19>
    SLICE_X65Y10.COUT    Tbyp                  0.118   XLXI_24/slow_counter<20>
                                                       XLXI_24/Mcount_slow_counter_cy<20>
                                                       XLXI_24/Mcount_slow_counter_cy<21>
    SLICE_X65Y11.CIN     net (fanout=1)        0.000   XLXI_24/Mcount_slow_counter_cy<21>
    SLICE_X65Y11.COUT    Tbyp                  0.118   XLXI_24/slow_counter<22>
                                                       XLXI_24/Mcount_slow_counter_cy<22>
                                                       XLXI_24/Mcount_slow_counter_cy<23>
    SLICE_X65Y12.CIN     net (fanout=1)        0.000   XLXI_24/Mcount_slow_counter_cy<23>
    SLICE_X65Y12.COUT    Tbyp                  0.118   XLXI_24/slow_counter<24>
                                                       XLXI_24/Mcount_slow_counter_cy<24>
                                                       XLXI_24/Mcount_slow_counter_cy<25>
    SLICE_X65Y13.CIN     net (fanout=1)        0.000   XLXI_24/Mcount_slow_counter_cy<25>
    SLICE_X65Y13.CLK     Tcinck                1.002   XLXI_24/slow_counter<26>
                                                       XLXI_24/Mcount_slow_counter_cy<26>
                                                       XLXI_24/Mcount_slow_counter_xor<27>
                                                       XLXI_24/slow_counter_27
    -------------------------------------------------  ---------------------------
    Total                                      8.931ns (5.644ns logic, 3.287ns route)
                                                       (63.2% logic, 36.8% route)

--------------------------------------------------------------------------------
Slack (setup path):     11.069ns (requirement - (data path - clock path skew + uncertainty))
  Source:               XLXI_24/slow_counter_12 (FF)
  Destination:          XLXI_24/slow_counter_27 (FF)
  Requirement:          20.000ns
  Data Path Delay:      8.922ns (Levels of Logic = 20)
  Clock Path Skew:      -0.009ns (0.003 - 0.012)
  Source Clock:         Clk_50MHz_BUFGP rising at 0.000ns
  Destination Clock:    Clk_50MHz_BUFGP rising at 20.000ns
  Clock Uncertainty:    0.000ns

  Maximum Data Path: XLXI_24/slow_counter_12 to XLXI_24/slow_counter_27
    Location             Delay type         Delay(ns)  Physical Resource
                                                       Logical Resource(s)
    -------------------------------------------------  -------------------
    SLICE_X65Y6.XQ       Tcko                  0.591   XLXI_24/slow_counter<12>
                                                       XLXI_24/slow_counter_12
    SLICE_X67Y6.G2       net (fanout=2)        1.289   XLXI_24/slow_counter<12>
    SLICE_X67Y6.COUT     Topcyg                1.001   XLXI_24/Mcompar_slow_counter_cmp_ge0000_cy<1>
                                                       XLXI_24/Mcompar_slow_counter_cmp_ge0000_lut<1>
                                                       XLXI_24/Mcompar_slow_counter_cmp_ge0000_cy<1>
    SLICE_X67Y7.CIN      net (fanout=1)        0.000   XLXI_24/Mcompar_slow_counter_cmp_ge0000_cy<1>
    SLICE_X67Y7.COUT     Tbyp                  0.118   XLXI_24/Mcompar_slow_counter_cmp_ge0000_cy<3>
                                                       XLXI_24/Mcompar_slow_counter_cmp_ge0000_cy<2>
                                                       XLXI_24/Mcompar_slow_counter_cmp_ge0000_cy<3>
    SLICE_X67Y8.CIN      net (fanout=1)        0.000   XLXI_24/Mcompar_slow_counter_cmp_ge0000_cy<3>
    SLICE_X67Y8.COUT     Tbyp                  0.118   XLXI_24/Mcompar_slow_counter_cmp_ge0000_cy<5>
                                                       XLXI_24/Mcompar_slow_counter_cmp_ge0000_cy<4>
                                                       XLXI_24/Mcompar_slow_counter_cmp_ge0000_cy<5>
    SLICE_X67Y9.CIN      net (fanout=1)        0.000   XLXI_24/Mcompar_slow_counter_cmp_ge0000_cy<5>
    SLICE_X67Y9.COUT     Tbyp                  0.118   XLXI_24/Mcompar_slow_counter_cmp_ge0000_cy<7>
                                                       XLXI_24/Mcompar_slow_counter_cmp_ge0000_cy<6>
                                                       XLXI_24/Mcompar_slow_counter_cmp_ge0000_cy<7>
    SLICE_X67Y10.CIN     net (fanout=1)        0.000   XLXI_24/Mcompar_slow_counter_cmp_ge0000_cy<7>
    SLICE_X67Y10.COUT    Tbyp                  0.118   XLXI_24/Mcompar_slow_counter_cmp_ge0000_cy<9>
                                                       XLXI_24/Mcompar_slow_counter_cmp_ge0000_cy<8>
                                                       XLXI_24/Mcompar_slow_counter_cmp_ge0000_cy<9>
    SLICE_X67Y11.CIN     net (fanout=1)        0.000   XLXI_24/Mcompar_slow_counter_cmp_ge0000_cy<9>
    SLICE_X67Y11.COUT    Tbyp                  0.118   XLXI_24/slow_counter_cmp_ge0000
                                                       XLXI_24/Mcompar_slow_counter_cmp_ge0000_cy<10>
                                                       XLXI_24/slow_counter_cmp_ge0000_rt
    SLICE_X65Y0.G3       net (fanout=30)       2.032   XLXI_24/slow_counter_cmp_ge0000
    SLICE_X65Y0.COUT     Topcyg                1.001   XLXI_24/slow_counter<0>
                                                       XLXI_24/Mcount_slow_counter_lut<1>
                                                       XLXI_24/Mcount_slow_counter_cy<1>
    SLICE_X65Y1.CIN      net (fanout=1)        0.000   XLXI_24/Mcount_slow_counter_cy<1>
    SLICE_X65Y1.COUT     Tbyp                  0.118   XLXI_24/slow_counter<2>
                                                       XLXI_24/Mcount_slow_counter_cy<2>
                                                       XLXI_24/Mcount_slow_counter_cy<3>
    SLICE_X65Y2.CIN      net (fanout=1)        0.000   XLXI_24/Mcount_slow_counter_cy<3>
    SLICE_X65Y2.COUT     Tbyp                  0.118   XLXI_24/slow_counter<4>
                                                       XLXI_24/Mcount_slow_counter_cy<4>
                                                       XLXI_24/Mcount_slow_counter_cy<5>
    SLICE_X65Y3.CIN      net (fanout=1)        0.000   XLXI_24/Mcount_slow_counter_cy<5>
    SLICE_X65Y3.COUT     Tbyp                  0.118   XLXI_24/slow_counter<6>
                                                       XLXI_24/Mcount_slow_counter_cy<6>
                                                       XLXI_24/Mcount_slow_counter_cy<7>
    SLICE_X65Y4.CIN      net (fanout=1)        0.000   XLXI_24/Mcount_slow_counter_cy<7>
    SLICE_X65Y4.COUT     Tbyp                  0.118   XLXI_24/slow_counter<8>
                                                       XLXI_24/Mcount_slow_counter_cy<8>
                                                       XLXI_24/Mcount_slow_counter_cy<9>
    SLICE_X65Y5.CIN      net (fanout=1)        0.000   XLXI_24/Mcount_slow_counter_cy<9>
    SLICE_X65Y5.COUT     Tbyp                  0.118   XLXI_24/slow_counter<10>
                                                       XLXI_24/Mcount_slow_counter_cy<10>
                                                       XLXI_24/Mcount_slow_counter_cy<11>
    SLICE_X65Y6.CIN      net (fanout=1)        0.000   XLXI_24/Mcount_slow_counter_cy<11>
    SLICE_X65Y6.COUT     Tbyp                  0.118   XLXI_24/slow_counter<12>
                                                       XLXI_24/Mcount_slow_counter_cy<12>
                                                       XLXI_24/Mcount_slow_counter_cy<13>
    SLICE_X65Y7.CIN      net (fanout=1)        0.000   XLXI_24/Mcount_slow_counter_cy<13>
    SLICE_X65Y7.COUT     Tbyp                  0.118   XLXI_24/slow_counter<14>
                                                       XLXI_24/Mcount_slow_counter_cy<14>
                                                       XLXI_24/Mcount_slow_counter_cy<15>
    SLICE_X65Y8.CIN      net (fanout=1)        0.000   XLXI_24/Mcount_slow_counter_cy<15>
    SLICE_X65Y8.COUT     Tbyp                  0.118   XLXI_24/slow_counter<16>
                                                       XLXI_24/Mcount_slow_counter_cy<16>
                                                       XLXI_24/Mcount_slow_counter_cy<17>
    SLICE_X65Y9.CIN      net (fanout=1)        0.000   XLXI_24/Mcount_slow_counter_cy<17>
    SLICE_X65Y9.COUT     Tbyp                  0.118   XLXI_24/slow_counter<18>
                                                       XLXI_24/Mcount_slow_counter_cy<18>
                                                       XLXI_24/Mcount_slow_counter_cy<19>
    SLICE_X65Y10.CIN     net (fanout=1)        0.000   XLXI_24/Mcount_slow_counter_cy<19>
    SLICE_X65Y10.COUT    Tbyp                  0.118   XLXI_24/slow_counter<20>
                                                       XLXI_24/Mcount_slow_counter_cy<20>
                                                       XLXI_24/Mcount_slow_counter_cy<21>
    SLICE_X65Y11.CIN     net (fanout=1)        0.000   XLXI_24/Mcount_slow_counter_cy<21>
    SLICE_X65Y11.COUT    Tbyp                  0.118   XLXI_24/slow_counter<22>
                                                       XLXI_24/Mcount_slow_counter_cy<22>
                                                       XLXI_24/Mcount_slow_counter_cy<23>
    SLICE_X65Y12.CIN     net (fanout=1)        0.000   XLXI_24/Mcount_slow_counter_cy<23>
    SLICE_X65Y12.COUT    Tbyp                  0.118   XLXI_24/slow_counter<24>
                                                       XLXI_24/Mcount_slow_counter_cy<24>
                                                       XLXI_24/Mcount_slow_counter_cy<25>
    SLICE_X65Y13.CIN     net (fanout=1)        0.000   XLXI_24/Mcount_slow_counter_cy<25>
    SLICE_X65Y13.CLK     Tcinck                1.002   XLXI_24/slow_counter<26>
                                                       XLXI_24/Mcount_slow_counter_cy<26>
                                                       XLXI_24/Mcount_slow_counter_xor<27>
                                                       XLXI_24/slow_counter_27
    -------------------------------------------------  ---------------------------
    Total                                      8.922ns (5.601ns logic, 3.321ns route)
                                                       (62.8% logic, 37.2% route)

--------------------------------------------------------------------------------
Slack (setup path):     11.106ns (requirement - (data path - clock path skew + uncertainty))
  Source:               XLXI_24/slow_counter_11 (FF)
  Destination:          XLXI_24/slow_counter_27 (FF)
  Requirement:          20.000ns
  Data Path Delay:      8.882ns (Levels of Logic = 19)
  Clock Path Skew:      -0.012ns (0.003 - 0.015)
  Source Clock:         Clk_50MHz_BUFGP rising at 0.000ns
  Destination Clock:    Clk_50MHz_BUFGP rising at 20.000ns
  Clock Uncertainty:    0.000ns

  Maximum Data Path: XLXI_24/slow_counter_11 to XLXI_24/slow_counter_27
    Location             Delay type         Delay(ns)  Physical Resource
                                                       Logical Resource(s)
    -------------------------------------------------  -------------------
    SLICE_X65Y5.YQ       Tcko                  0.587   XLXI_24/slow_counter<10>
                                                       XLXI_24/slow_counter_11
    SLICE_X67Y6.G3       net (fanout=2)        1.244   XLXI_24/slow_counter<11>
    SLICE_X67Y6.COUT     Topcyg                1.001   XLXI_24/Mcompar_slow_counter_cmp_ge0000_cy<1>
                                                       XLXI_24/Mcompar_slow_counter_cmp_ge0000_lut<1>
                                                       XLXI_24/Mcompar_slow_counter_cmp_ge0000_cy<1>
    SLICE_X67Y7.CIN      net (fanout=1)        0.000   XLXI_24/Mcompar_slow_counter_cmp_ge0000_cy<1>
    SLICE_X67Y7.COUT     Tbyp                  0.118   XLXI_24/Mcompar_slow_counter_cmp_ge0000_cy<3>
                                                       XLXI_24/Mcompar_slow_counter_cmp_ge0000_cy<2>
                                                       XLXI_24/Mcompar_slow_counter_cmp_ge0000_cy<3>
    SLICE_X67Y8.CIN      net (fanout=1)        0.000   XLXI_24/Mcompar_slow_counter_cmp_ge0000_cy<3>
    SLICE_X67Y8.COUT     Tbyp                  0.118   XLXI_24/Mcompar_slow_counter_cmp_ge0000_cy<5>
                                                       XLXI_24/Mcompar_slow_counter_cmp_ge0000_cy<4>
                                                       XLXI_24/Mcompar_slow_counter_cmp_ge0000_cy<5>
    SLICE_X67Y9.CIN      net (fanout=1)        0.000   XLXI_24/Mcompar_slow_counter_cmp_ge0000_cy<5>
    SLICE_X67Y9.COUT     Tbyp                  0.118   XLXI_24/Mcompar_slow_counter_cmp_ge0000_cy<7>
                                                       XLXI_24/Mcompar_slow_counter_cmp_ge0000_cy<6>
                                                       XLXI_24/Mcompar_slow_counter_cmp_ge0000_cy<7>
    SLICE_X67Y10.CIN     net (fanout=1)        0.000   XLXI_24/Mcompar_slow_counter_cmp_ge0000_cy<7>
    SLICE_X67Y10.COUT    Tbyp                  0.118   XLXI_24/Mcompar_slow_counter_cmp_ge0000_cy<9>
                                                       XLXI_24/Mcompar_slow_counter_cmp_ge0000_cy<8>
                                                       XLXI_24/Mcompar_slow_counter_cmp_ge0000_cy<9>
    SLICE_X67Y11.CIN     net (fanout=1)        0.000   XLXI_24/Mcompar_slow_counter_cmp_ge0000_cy<9>
    SLICE_X67Y11.COUT    Tbyp                  0.118   XLXI_24/slow_counter_cmp_ge0000
                                                       XLXI_24/Mcompar_slow_counter_cmp_ge0000_cy<10>
                                                       XLXI_24/slow_counter_cmp_ge0000_rt
    SLICE_X65Y1.F3       net (fanout=30)       1.998   XLXI_24/slow_counter_cmp_ge0000
    SLICE_X65Y1.COUT     Topcyf                1.162   XLXI_24/slow_counter<2>
                                                       XLXI_24/Mcount_slow_counter_lut<2>
                                                       XLXI_24/Mcount_slow_counter_cy<2>
                                                       XLXI_24/Mcount_slow_counter_cy<3>
    SLICE_X65Y2.CIN      net (fanout=1)        0.000   XLXI_24/Mcount_slow_counter_cy<3>
    SLICE_X65Y2.COUT     Tbyp                  0.118   XLXI_24/slow_counter<4>
                                                       XLXI_24/Mcount_slow_counter_cy<4>
                                                       XLXI_24/Mcount_slow_counter_cy<5>
    SLICE_X65Y3.CIN      net (fanout=1)        0.000   XLXI_24/Mcount_slow_counter_cy<5>
    SLICE_X65Y3.COUT     Tbyp                  0.118   XLXI_24/slow_counter<6>
                                                       XLXI_24/Mcount_slow_counter_cy<6>
                                                       XLXI_24/Mcount_slow_counter_cy<7>
    SLICE_X65Y4.CIN      net (fanout=1)        0.000   XLXI_24/Mcount_slow_counter_cy<7>
    SLICE_X65Y4.COUT     Tbyp                  0.118   XLXI_24/slow_counter<8>
                                                       XLXI_24/Mcount_slow_counter_cy<8>
                                                       XLXI_24/Mcount_slow_counter_cy<9>
    SLICE_X65Y5.CIN      net (fanout=1)        0.000   XLXI_24/Mcount_slow_counter_cy<9>
    SLICE_X65Y5.COUT     Tbyp                  0.118   XLXI_24/slow_counter<10>
                                                       XLXI_24/Mcount_slow_counter_cy<10>
                                                       XLXI_24/Mcount_slow_counter_cy<11>
    SLICE_X65Y6.CIN      net (fanout=1)        0.000   XLXI_24/Mcount_slow_counter_cy<11>
    SLICE_X65Y6.COUT     Tbyp                  0.118   XLXI_24/slow_counter<12>
                                                       XLXI_24/Mcount_slow_counter_cy<12>
                                                       XLXI_24/Mcount_slow_counter_cy<13>
    SLICE_X65Y7.CIN      net (fanout=1)        0.000   XLXI_24/Mcount_slow_counter_cy<13>
    SLICE_X65Y7.COUT     Tbyp                  0.118   XLXI_24/slow_counter<14>
                                                       XLXI_24/Mcount_slow_counter_cy<14>
                                                       XLXI_24/Mcount_slow_counter_cy<15>
    SLICE_X65Y8.CIN      net (fanout=1)        0.000   XLXI_24/Mcount_slow_counter_cy<15>
    SLICE_X65Y8.COUT     Tbyp                  0.118   XLXI_24/slow_counter<16>
                                                       XLXI_24/Mcount_slow_counter_cy<16>
                                                       XLXI_24/Mcount_slow_counter_cy<17>
    SLICE_X65Y9.CIN      net (fanout=1)        0.000   XLXI_24/Mcount_slow_counter_cy<17>
    SLICE_X65Y9.COUT     Tbyp                  0.118   XLXI_24/slow_counter<18>
                                                       XLXI_24/Mcount_slow_counter_cy<18>
                                                       XLXI_24/Mcount_slow_counter_cy<19>
    SLICE_X65Y10.CIN     net (fanout=1)        0.000   XLXI_24/Mcount_slow_counter_cy<19>
    SLICE_X65Y10.COUT    Tbyp                  0.118   XLXI_24/slow_counter<20>
                                                       XLXI_24/Mcount_slow_counter_cy<20>
                                                       XLXI_24/Mcount_slow_counter_cy<21>
    SLICE_X65Y11.CIN     net (fanout=1)        0.000   XLXI_24/Mcount_slow_counter_cy<21>
    SLICE_X65Y11.COUT    Tbyp                  0.118   XLXI_24/slow_counter<22>
                                                       XLXI_24/Mcount_slow_counter_cy<22>
                                                       XLXI_24/Mcount_slow_counter_cy<23>
    SLICE_X65Y12.CIN     net (fanout=1)        0.000   XLXI_24/Mcount_slow_counter_cy<23>
    SLICE_X65Y12.COUT    Tbyp                  0.118   XLXI_24/slow_counter<24>
                                                       XLXI_24/Mcount_slow_counter_cy<24>
                                                       XLXI_24/Mcount_slow_counter_cy<25>
    SLICE_X65Y13.CIN     net (fanout=1)        0.000   XLXI_24/Mcount_slow_counter_cy<25>
    SLICE_X65Y13.CLK     Tcinck                1.002   XLXI_24/slow_counter<26>
                                                       XLXI_24/Mcount_slow_counter_cy<26>
                                                       XLXI_24/Mcount_slow_counter_xor<27>
                                                       XLXI_24/slow_counter_27
    -------------------------------------------------  ---------------------------
    Total                                      8.882ns (5.640ns logic, 3.242ns route)
                                                       (63.5% logic, 36.5% route)

--------------------------------------------------------------------------------

Paths for end point XLXI_24/slow_counter_25 (SLICE_X65Y12.CIN), 524 paths
--------------------------------------------------------------------------------
Slack (setup path):     11.178ns (requirement - (data path - clock path skew + uncertainty))
  Source:               XLXI_24/slow_counter_12 (FF)
  Destination:          XLXI_24/slow_counter_25 (FF)
  Requirement:          20.000ns
  Data Path Delay:      8.813ns (Levels of Logic = 18)
  Clock Path Skew:      -0.009ns (0.003 - 0.012)
  Source Clock:         Clk_50MHz_BUFGP rising at 0.000ns
  Destination Clock:    Clk_50MHz_BUFGP rising at 20.000ns
  Clock Uncertainty:    0.000ns

  Maximum Data Path: XLXI_24/slow_counter_12 to XLXI_24/slow_counter_25
    Location             Delay type         Delay(ns)  Physical Resource
                                                       Logical Resource(s)
    -------------------------------------------------  -------------------
    SLICE_X65Y6.XQ       Tcko                  0.591   XLXI_24/slow_counter<12>
                                                       XLXI_24/slow_counter_12
    SLICE_X67Y6.G2       net (fanout=2)        1.289   XLXI_24/slow_counter<12>
    SLICE_X67Y6.COUT     Topcyg                1.001   XLXI_24/Mcompar_slow_counter_cmp_ge0000_cy<1>
                                                       XLXI_24/Mcompar_slow_counter_cmp_ge0000_lut<1>
                                                       XLXI_24/Mcompar_slow_counter_cmp_ge0000_cy<1>
    SLICE_X67Y7.CIN      net (fanout=1)        0.000   XLXI_24/Mcompar_slow_counter_cmp_ge0000_cy<1>
    SLICE_X67Y7.COUT     Tbyp                  0.118   XLXI_24/Mcompar_slow_counter_cmp_ge0000_cy<3>
                                                       XLXI_24/Mcompar_slow_counter_cmp_ge0000_cy<2>
                                                       XLXI_24/Mcompar_slow_counter_cmp_ge0000_cy<3>
    SLICE_X67Y8.CIN      net (fanout=1)        0.000   XLXI_24/Mcompar_slow_counter_cmp_ge0000_cy<3>
    SLICE_X67Y8.COUT     Tbyp                  0.118   XLXI_24/Mcompar_slow_counter_cmp_ge0000_cy<5>
                                                       XLXI_24/Mcompar_slow_counter_cmp_ge0000_cy<4>
                                                       XLXI_24/Mcompar_slow_counter_cmp_ge0000_cy<5>
    SLICE_X67Y9.CIN      net (fanout=1)        0.000   XLXI_24/Mcompar_slow_counter_cmp_ge0000_cy<5>
    SLICE_X67Y9.COUT     Tbyp                  0.118   XLXI_24/Mcompar_slow_counter_cmp_ge0000_cy<7>
                                                       XLXI_24/Mcompar_slow_counter_cmp_ge0000_cy<6>
                                                       XLXI_24/Mcompar_slow_counter_cmp_ge0000_cy<7>
    SLICE_X67Y10.CIN     net (fanout=1)        0.000   XLXI_24/Mcompar_slow_counter_cmp_ge0000_cy<7>
    SLICE_X67Y10.COUT    Tbyp                  0.118   XLXI_24/Mcompar_slow_counter_cmp_ge0000_cy<9>
                                                       XLXI_24/Mcompar_slow_counter_cmp_ge0000_cy<8>
                                                       XLXI_24/Mcompar_slow_counter_cmp_ge0000_cy<9>
    SLICE_X67Y11.CIN     net (fanout=1)        0.000   XLXI_24/Mcompar_slow_counter_cmp_ge0000_cy<9>
    SLICE_X67Y11.COUT    Tbyp                  0.118   XLXI_24/slow_counter_cmp_ge0000
                                                       XLXI_24/Mcompar_slow_counter_cmp_ge0000_cy<10>
                                                       XLXI_24/slow_counter_cmp_ge0000_rt
    SLICE_X65Y1.F3       net (fanout=30)       1.998   XLXI_24/slow_counter_cmp_ge0000
    SLICE_X65Y1.COUT     Topcyf                1.162   XLXI_24/slow_counter<2>
                                                       XLXI_24/Mcount_slow_counter_lut<2>
                                                       XLXI_24/Mcount_slow_counter_cy<2>
                                                       XLXI_24/Mcount_slow_counter_cy<3>
    SLICE_X65Y2.CIN      net (fanout=1)        0.000   XLXI_24/Mcount_slow_counter_cy<3>
    SLICE_X65Y2.COUT     Tbyp                  0.118   XLXI_24/slow_counter<4>
                                                       XLXI_24/Mcount_slow_counter_cy<4>
                                                       XLXI_24/Mcount_slow_counter_cy<5>
    SLICE_X65Y3.CIN      net (fanout=1)        0.000   XLXI_24/Mcount_slow_counter_cy<5>
    SLICE_X65Y3.COUT     Tbyp                  0.118   XLXI_24/slow_counter<6>
                                                       XLXI_24/Mcount_slow_counter_cy<6>
                                                       XLXI_24/Mcount_slow_counter_cy<7>
    SLICE_X65Y4.CIN      net (fanout=1)        0.000   XLXI_24/Mcount_slow_counter_cy<7>
    SLICE_X65Y4.COUT     Tbyp                  0.118   XLXI_24/slow_counter<8>
                                                       XLXI_24/Mcount_slow_counter_cy<8>
                                                       XLXI_24/Mcount_slow_counter_cy<9>
    SLICE_X65Y5.CIN      net (fanout=1)        0.000   XLXI_24/Mcount_slow_counter_cy<9>
    SLICE_X65Y5.COUT     Tbyp                  0.118   XLXI_24/slow_counter<10>
                                                       XLXI_24/Mcount_slow_counter_cy<10>
                                                       XLXI_24/Mcount_slow_counter_cy<11>
    SLICE_X65Y6.CIN      net (fanout=1)        0.000   XLXI_24/Mcount_slow_counter_cy<11>
    SLICE_X65Y6.COUT     Tbyp                  0.118   XLXI_24/slow_counter<12>
                                                       XLXI_24/Mcount_slow_counter_cy<12>
                                                       XLXI_24/Mcount_slow_counter_cy<13>
    SLICE_X65Y7.CIN      net (fanout=1)        0.000   XLXI_24/Mcount_slow_counter_cy<13>
    SLICE_X65Y7.COUT     Tbyp                  0.118   XLXI_24/slow_counter<14>
                                                       XLXI_24/Mcount_slow_counter_cy<14>
                                                       XLXI_24/Mcount_slow_counter_cy<15>
    SLICE_X65Y8.CIN      net (fanout=1)        0.000   XLXI_24/Mcount_slow_counter_cy<15>
    SLICE_X65Y8.COUT     Tbyp                  0.118   XLXI_24/slow_counter<16>
                                                       XLXI_24/Mcount_slow_counter_cy<16>
                                                       XLXI_24/Mcount_slow_counter_cy<17>
    SLICE_X65Y9.CIN      net (fanout=1)        0.000   XLXI_24/Mcount_slow_counter_cy<17>
    SLICE_X65Y9.COUT     Tbyp                  0.118   XLXI_24/slow_counter<18>
                                                       XLXI_24/Mcount_slow_counter_cy<18>
                                                       XLXI_24/Mcount_slow_counter_cy<19>
    SLICE_X65Y10.CIN     net (fanout=1)        0.000   XLXI_24/Mcount_slow_counter_cy<19>
    SLICE_X65Y10.COUT    Tbyp                  0.118   XLXI_24/slow_counter<20>
                                                       XLXI_24/Mcount_slow_counter_cy<20>
                                                       XLXI_24/Mcount_slow_counter_cy<21>
    SLICE_X65Y11.CIN     net (fanout=1)        0.000   XLXI_24/Mcount_slow_counter_cy<21>
    SLICE_X65Y11.COUT    Tbyp                  0.118   XLXI_24/slow_counter<22>
                                                       XLXI_24/Mcount_slow_counter_cy<22>
                                                       XLXI_24/Mcount_slow_counter_cy<23>
    SLICE_X65Y12.CIN     net (fanout=1)        0.000   XLXI_24/Mcount_slow_counter_cy<23>
    SLICE_X65Y12.CLK     Tcinck                1.002   XLXI_24/slow_counter<24>
                                                       XLXI_24/Mcount_slow_counter_cy<24>
                                                       XLXI_24/Mcount_slow_counter_xor<25>
                                                       XLXI_24/slow_counter_25
    -------------------------------------------------  ---------------------------
    Total                                      8.813ns (5.526ns logic, 3.287ns route)
                                                       (62.7% logic, 37.3% route)

--------------------------------------------------------------------------------
Slack (setup path):     11.187ns (requirement - (data path - clock path skew + uncertainty))
  Source:               XLXI_24/slow_counter_12 (FF)
  Destination:          XLXI_24/slow_counter_25 (FF)
  Requirement:          20.000ns
  Data Path Delay:      8.804ns (Levels of Logic = 19)
  Clock Path Skew:      -0.009ns (0.003 - 0.012)
  Source Clock:         Clk_50MHz_BUFGP rising at 0.000ns
  Destination Clock:    Clk_50MHz_BUFGP rising at 20.000ns
  Clock Uncertainty:    0.000ns

  Maximum Data Path: XLXI_24/slow_counter_12 to XLXI_24/slow_counter_25
    Location             Delay type         Delay(ns)  Physical Resource
                                                       Logical Resource(s)
    -------------------------------------------------  -------------------
    SLICE_X65Y6.XQ       Tcko                  0.591   XLXI_24/slow_counter<12>
                                                       XLXI_24/slow_counter_12
    SLICE_X67Y6.G2       net (fanout=2)        1.289   XLXI_24/slow_counter<12>
    SLICE_X67Y6.COUT     Topcyg                1.001   XLXI_24/Mcompar_slow_counter_cmp_ge0000_cy<1>
                                                       XLXI_24/Mcompar_slow_counter_cmp_ge0000_lut<1>
                                                       XLXI_24/Mcompar_slow_counter_cmp_ge0000_cy<1>
    SLICE_X67Y7.CIN      net (fanout=1)        0.000   XLXI_24/Mcompar_slow_counter_cmp_ge0000_cy<1>
    SLICE_X67Y7.COUT     Tbyp                  0.118   XLXI_24/Mcompar_slow_counter_cmp_ge0000_cy<3>
                                                       XLXI_24/Mcompar_slow_counter_cmp_ge0000_cy<2>
                                                       XLXI_24/Mcompar_slow_counter_cmp_ge0000_cy<3>
    SLICE_X67Y8.CIN      net (fanout=1)        0.000   XLXI_24/Mcompar_slow_counter_cmp_ge0000_cy<3>
    SLICE_X67Y8.COUT     Tbyp                  0.118   XLXI_24/Mcompar_slow_counter_cmp_ge0000_cy<5>
                                                       XLXI_24/Mcompar_slow_counter_cmp_ge0000_cy<4>
                                                       XLXI_24/Mcompar_slow_counter_cmp_ge0000_cy<5>
    SLICE_X67Y9.CIN      net (fanout=1)        0.000   XLXI_24/Mcompar_slow_counter_cmp_ge0000_cy<5>
    SLICE_X67Y9.COUT     Tbyp                  0.118   XLXI_24/Mcompar_slow_counter_cmp_ge0000_cy<7>
                                                       XLXI_24/Mcompar_slow_counter_cmp_ge0000_cy<6>
                                                       XLXI_24/Mcompar_slow_counter_cmp_ge0000_cy<7>
    SLICE_X67Y10.CIN     net (fanout=1)        0.000   XLXI_24/Mcompar_slow_counter_cmp_ge0000_cy<7>
    SLICE_X67Y10.COUT    Tbyp                  0.118   XLXI_24/Mcompar_slow_counter_cmp_ge0000_cy<9>
                                                       XLXI_24/Mcompar_slow_counter_cmp_ge0000_cy<8>
                                                       XLXI_24/Mcompar_slow_counter_cmp_ge0000_cy<9>
    SLICE_X67Y11.CIN     net (fanout=1)        0.000   XLXI_24/Mcompar_slow_counter_cmp_ge0000_cy<9>
    SLICE_X67Y11.COUT    Tbyp                  0.118   XLXI_24/slow_counter_cmp_ge0000
                                                       XLXI_24/Mcompar_slow_counter_cmp_ge0000_cy<10>
                                                       XLXI_24/slow_counter_cmp_ge0000_rt
    SLICE_X65Y0.G3       net (fanout=30)       2.032   XLXI_24/slow_counter_cmp_ge0000
    SLICE_X65Y0.COUT     Topcyg                1.001   XLXI_24/slow_counter<0>
                                                       XLXI_24/Mcount_slow_counter_lut<1>
                                                       XLXI_24/Mcount_slow_counter_cy<1>
    SLICE_X65Y1.CIN      net (fanout=1)        0.000   XLXI_24/Mcount_slow_counter_cy<1>
    SLICE_X65Y1.COUT     Tbyp                  0.118   XLXI_24/slow_counter<2>
                                                       XLXI_24/Mcount_slow_counter_cy<2>
                                                       XLXI_24/Mcount_slow_counter_cy<3>
    SLICE_X65Y2.CIN      net (fanout=1)        0.000   XLXI_24/Mcount_slow_counter_cy<3>
    SLICE_X65Y2.COUT     Tbyp                  0.118   XLXI_24/slow_counter<4>
                                                       XLXI_24/Mcount_slow_counter_cy<4>
                                                       XLXI_24/Mcount_slow_counter_cy<5>
    SLICE_X65Y3.CIN      net (fanout=1)        0.000   XLXI_24/Mcount_slow_counter_cy<5>
    SLICE_X65Y3.COUT     Tbyp                  0.118   XLXI_24/slow_counter<6>
                                                       XLXI_24/Mcount_slow_counter_cy<6>
                                                       XLXI_24/Mcount_slow_counter_cy<7>
    SLICE_X65Y4.CIN      net (fanout=1)        0.000   XLXI_24/Mcount_slow_counter_cy<7>
    SLICE_X65Y4.COUT     Tbyp                  0.118   XLXI_24/slow_counter<8>
                                                       XLXI_24/Mcount_slow_counter_cy<8>
                                                       XLXI_24/Mcount_slow_counter_cy<9>
    SLICE_X65Y5.CIN      net (fanout=1)        0.000   XLXI_24/Mcount_slow_counter_cy<9>
    SLICE_X65Y5.COUT     Tbyp                  0.118   XLXI_24/slow_counter<10>
                                                       XLXI_24/Mcount_slow_counter_cy<10>
                                                       XLXI_24/Mcount_slow_counter_cy<11>
    SLICE_X65Y6.CIN      net (fanout=1)        0.000   XLXI_24/Mcount_slow_counter_cy<11>
    SLICE_X65Y6.COUT     Tbyp                  0.118   XLXI_24/slow_counter<12>
                                                       XLXI_24/Mcount_slow_counter_cy<12>
                                                       XLXI_24/Mcount_slow_counter_cy<13>
    SLICE_X65Y7.CIN      net (fanout=1)        0.000   XLXI_24/Mcount_slow_counter_cy<13>
    SLICE_X65Y7.COUT     Tbyp                  0.118   XLXI_24/slow_counter<14>
                                                       XLXI_24/Mcount_slow_counter_cy<14>
                                                       XLXI_24/Mcount_slow_counter_cy<15>
    SLICE_X65Y8.CIN      net (fanout=1)        0.000   XLXI_24/Mcount_slow_counter_cy<15>
    SLICE_X65Y8.COUT     Tbyp                  0.118   XLXI_24/slow_counter<16>
                                                       XLXI_24/Mcount_slow_counter_cy<16>
                                                       XLXI_24/Mcount_slow_counter_cy<17>
    SLICE_X65Y9.CIN      net (fanout=1)        0.000   XLXI_24/Mcount_slow_counter_cy<17>
    SLICE_X65Y9.COUT     Tbyp                  0.118   XLXI_24/slow_counter<18>
                                                       XLXI_24/Mcount_slow_counter_cy<18>
                                                       XLXI_24/Mcount_slow_counter_cy<19>
    SLICE_X65Y10.CIN     net (fanout=1)        0.000   XLXI_24/Mcount_slow_counter_cy<19>
    SLICE_X65Y10.COUT    Tbyp                  0.118   XLXI_24/slow_counter<20>
                                                       XLXI_24/Mcount_slow_counter_cy<20>
                                                       XLXI_24/Mcount_slow_counter_cy<21>
    SLICE_X65Y11.CIN     net (fanout=1)        0.000   XLXI_24/Mcount_slow_counter_cy<21>
    SLICE_X65Y11.COUT    Tbyp                  0.118   XLXI_24/slow_counter<22>
                                                       XLXI_24/Mcount_slow_counter_cy<22>
                                                       XLXI_24/Mcount_slow_counter_cy<23>
    SLICE_X65Y12.CIN     net (fanout=1)        0.000   XLXI_24/Mcount_slow_counter_cy<23>
    SLICE_X65Y12.CLK     Tcinck                1.002   XLXI_24/slow_counter<24>
                                                       XLXI_24/Mcount_slow_counter_cy<24>
                                                       XLXI_24/Mcount_slow_counter_xor<25>
                                                       XLXI_24/slow_counter_25
    -------------------------------------------------  ---------------------------
    Total                                      8.804ns (5.483ns logic, 3.321ns route)
                                                       (62.3% logic, 37.7% route)

--------------------------------------------------------------------------------
Slack (setup path):     11.224ns (requirement - (data path - clock path skew + uncertainty))
  Source:               XLXI_24/slow_counter_11 (FF)
  Destination:          XLXI_24/slow_counter_25 (FF)
  Requirement:          20.000ns
  Data Path Delay:      8.764ns (Levels of Logic = 18)
  Clock Path Skew:      -0.012ns (0.003 - 0.015)
  Source Clock:         Clk_50MHz_BUFGP rising at 0.000ns
  Destination Clock:    Clk_50MHz_BUFGP rising at 20.000ns
  Clock Uncertainty:    0.000ns

  Maximum Data Path: XLXI_24/slow_counter_11 to XLXI_24/slow_counter_25
    Location             Delay type         Delay(ns)  Physical Resource
                                                       Logical Resource(s)
    -------------------------------------------------  -------------------
    SLICE_X65Y5.YQ       Tcko                  0.587   XLXI_24/slow_counter<10>
                                                       XLXI_24/slow_counter_11
    SLICE_X67Y6.G3       net (fanout=2)        1.244   XLXI_24/slow_counter<11>
    SLICE_X67Y6.COUT     Topcyg                1.001   XLXI_24/Mcompar_slow_counter_cmp_ge0000_cy<1>
                                                       XLXI_24/Mcompar_slow_counter_cmp_ge0000_lut<1>
                                                       XLXI_24/Mcompar_slow_counter_cmp_ge0000_cy<1>
    SLICE_X67Y7.CIN      net (fanout=1)        0.000   XLXI_24/Mcompar_slow_counter_cmp_ge0000_cy<1>
    SLICE_X67Y7.COUT     Tbyp                  0.118   XLXI_24/Mcompar_slow_counter_cmp_ge0000_cy<3>
                                                       XLXI_24/Mcompar_slow_counter_cmp_ge0000_cy<2>
                                                       XLXI_24/Mcompar_slow_counter_cmp_ge0000_cy<3>
    SLICE_X67Y8.CIN      net (fanout=1)        0.000   XLXI_24/Mcompar_slow_counter_cmp_ge0000_cy<3>
    SLICE_X67Y8.COUT     Tbyp                  0.118   XLXI_24/Mcompar_slow_counter_cmp_ge0000_cy<5>
                                                       XLXI_24/Mcompar_slow_counter_cmp_ge0000_cy<4>
                                                       XLXI_24/Mcompar_slow_counter_cmp_ge0000_cy<5>
    SLICE_X67Y9.CIN      net (fanout=1)        0.000   XLXI_24/Mcompar_slow_counter_cmp_ge0000_cy<5>
    SLICE_X67Y9.COUT     Tbyp                  0.118   XLXI_24/Mcompar_slow_counter_cmp_ge0000_cy<7>
                                                       XLXI_24/Mcompar_slow_counter_cmp_ge0000_cy<6>
                                                       XLXI_24/Mcompar_slow_counter_cmp_ge0000_cy<7>
    SLICE_X67Y10.CIN     net (fanout=1)        0.000   XLXI_24/Mcompar_slow_counter_cmp_ge0000_cy<7>
    SLICE_X67Y10.COUT    Tbyp                  0.118   XLXI_24/Mcompar_slow_counter_cmp_ge0000_cy<9>
                                                       XLXI_24/Mcompar_slow_counter_cmp_ge0000_cy<8>
                                                       XLXI_24/Mcompar_slow_counter_cmp_ge0000_cy<9>
    SLICE_X67Y11.CIN     net (fanout=1)        0.000   XLXI_24/Mcompar_slow_counter_cmp_ge0000_cy<9>
    SLICE_X67Y11.COUT    Tbyp                  0.118   XLXI_24/slow_counter_cmp_ge0000
                                                       XLXI_24/Mcompar_slow_counter_cmp_ge0000_cy<10>
                                                       XLXI_24/slow_counter_cmp_ge0000_rt
    SLICE_X65Y1.F3       net (fanout=30)       1.998   XLXI_24/slow_counter_cmp_ge0000
    SLICE_X65Y1.COUT     Topcyf                1.162   XLXI_24/slow_counter<2>
                                                       XLXI_24/Mcount_slow_counter_lut<2>
                                                       XLXI_24/Mcount_slow_counter_cy<2>
                                                       XLXI_24/Mcount_slow_counter_cy<3>
    SLICE_X65Y2.CIN      net (fanout=1)        0.000   XLXI_24/Mcount_slow_counter_cy<3>
    SLICE_X65Y2.COUT     Tbyp                  0.118   XLXI_24/slow_counter<4>
                                                       XLXI_24/Mcount_slow_counter_cy<4>
                                                       XLXI_24/Mcount_slow_counter_cy<5>
    SLICE_X65Y3.CIN      net (fanout=1)        0.000   XLXI_24/Mcount_slow_counter_cy<5>
    SLICE_X65Y3.COUT     Tbyp                  0.118   XLXI_24/slow_counter<6>
                                                       XLXI_24/Mcount_slow_counter_cy<6>
                                                       XLXI_24/Mcount_slow_counter_cy<7>
    SLICE_X65Y4.CIN      net (fanout=1)        0.000   XLXI_24/Mcount_slow_counter_cy<7>
    SLICE_X65Y4.COUT     Tbyp                  0.118   XLXI_24/slow_counter<8>
                                                       XLXI_24/Mcount_slow_counter_cy<8>
                                                       XLXI_24/Mcount_slow_counter_cy<9>
    SLICE_X65Y5.CIN      net (fanout=1)        0.000   XLXI_24/Mcount_slow_counter_cy<9>
    SLICE_X65Y5.COUT     Tbyp                  0.118   XLXI_24/slow_counter<10>
                                                       XLXI_24/Mcount_slow_counter_cy<10>
                                                       XLXI_24/Mcount_slow_counter_cy<11>
    SLICE_X65Y6.CIN      net (fanout=1)        0.000   XLXI_24/Mcount_slow_counter_cy<11>
    SLICE_X65Y6.COUT     Tbyp                  0.118   XLXI_24/slow_counter<12>
                                                       XLXI_24/Mcount_slow_counter_cy<12>
                                                       XLXI_24/Mcount_slow_counter_cy<13>
    SLICE_X65Y7.CIN      net (fanout=1)        0.000   XLXI_24/Mcount_slow_counter_cy<13>
    SLICE_X65Y7.COUT     Tbyp                  0.118   XLXI_24/slow_counter<14>
                                                       XLXI_24/Mcount_slow_counter_cy<14>
                                                       XLXI_24/Mcount_slow_counter_cy<15>
    SLICE_X65Y8.CIN      net (fanout=1)        0.000   XLXI_24/Mcount_slow_counter_cy<15>
    SLICE_X65Y8.COUT     Tbyp                  0.118   XLXI_24/slow_counter<16>
                                                       XLXI_24/Mcount_slow_counter_cy<16>
                                                       XLXI_24/Mcount_slow_counter_cy<17>
    SLICE_X65Y9.CIN      net (fanout=1)        0.000   XLXI_24/Mcount_slow_counter_cy<17>
    SLICE_X65Y9.COUT     Tbyp                  0.118   XLXI_24/slow_counter<18>
                                                       XLXI_24/Mcount_slow_counter_cy<18>
                                                       XLXI_24/Mcount_slow_counter_cy<19>
    SLICE_X65Y10.CIN     net (fanout=1)        0.000   XLXI_24/Mcount_slow_counter_cy<19>
    SLICE_X65Y10.COUT    Tbyp                  0.118   XLXI_24/slow_counter<20>
                                                       XLXI_24/Mcount_slow_counter_cy<20>
                                                       XLXI_24/Mcount_slow_counter_cy<21>
    SLICE_X65Y11.CIN     net (fanout=1)        0.000   XLXI_24/Mcount_slow_counter_cy<21>
    SLICE_X65Y11.COUT    Tbyp                  0.118   XLXI_24/slow_counter<22>
                                                       XLXI_24/Mcount_slow_counter_cy<22>
                                                       XLXI_24/Mcount_slow_counter_cy<23>
    SLICE_X65Y12.CIN     net (fanout=1)        0.000   XLXI_24/Mcount_slow_counter_cy<23>
    SLICE_X65Y12.CLK     Tcinck                1.002   XLXI_24/slow_counter<24>
                                                       XLXI_24/Mcount_slow_counter_cy<24>
                                                       XLXI_24/Mcount_slow_counter_xor<25>
                                                       XLXI_24/slow_counter_25
    -------------------------------------------------  ---------------------------
    Total                                      8.764ns (5.522ns logic, 3.242ns route)
                                                       (63.0% logic, 37.0% route)

--------------------------------------------------------------------------------

Paths for end point XLXI_24/slow_counter_23 (SLICE_X65Y11.CIN), 482 paths
--------------------------------------------------------------------------------
Slack (setup path):     11.298ns (requirement - (data path - clock path skew + uncertainty))
  Source:               XLXI_24/slow_counter_12 (FF)
  Destination:          XLXI_24/slow_counter_23 (FF)
  Requirement:          20.000ns
  Data Path Delay:      8.695ns (Levels of Logic = 17)
  Clock Path Skew:      -0.007ns (0.005 - 0.012)
  Source Clock:         Clk_50MHz_BUFGP rising at 0.000ns
  Destination Clock:    Clk_50MHz_BUFGP rising at 20.000ns
  Clock Uncertainty:    0.000ns

  Maximum Data Path: XLXI_24/slow_counter_12 to XLXI_24/slow_counter_23
    Location             Delay type         Delay(ns)  Physical Resource
                                                       Logical Resource(s)
    -------------------------------------------------  -------------------
    SLICE_X65Y6.XQ       Tcko                  0.591   XLXI_24/slow_counter<12>
                                                       XLXI_24/slow_counter_12
    SLICE_X67Y6.G2       net (fanout=2)        1.289   XLXI_24/slow_counter<12>
    SLICE_X67Y6.COUT     Topcyg                1.001   XLXI_24/Mcompar_slow_counter_cmp_ge0000_cy<1>
                                                       XLXI_24/Mcompar_slow_counter_cmp_ge0000_lut<1>
                                                       XLXI_24/Mcompar_slow_counter_cmp_ge0000_cy<1>
    SLICE_X67Y7.CIN      net (fanout=1)        0.000   XLXI_24/Mcompar_slow_counter_cmp_ge0000_cy<1>
    SLICE_X67Y7.COUT     Tbyp                  0.118   XLXI_24/Mcompar_slow_counter_cmp_ge0000_cy<3>
                                                       XLXI_24/Mcompar_slow_counter_cmp_ge0000_cy<2>
                                                       XLXI_24/Mcompar_slow_counter_cmp_ge0000_cy<3>
    SLICE_X67Y8.CIN      net (fanout=1)        0.000   XLXI_24/Mcompar_slow_counter_cmp_ge0000_cy<3>
    SLICE_X67Y8.COUT     Tbyp                  0.118   XLXI_24/Mcompar_slow_counter_cmp_ge0000_cy<5>
                                                       XLXI_24/Mcompar_slow_counter_cmp_ge0000_cy<4>
                                                       XLXI_24/Mcompar_slow_counter_cmp_ge0000_cy<5>
    SLICE_X67Y9.CIN      net (fanout=1)        0.000   XLXI_24/Mcompar_slow_counter_cmp_ge0000_cy<5>
    SLICE_X67Y9.COUT     Tbyp                  0.118   XLXI_24/Mcompar_slow_counter_cmp_ge0000_cy<7>
                                                       XLXI_24/Mcompar_slow_counter_cmp_ge0000_cy<6>
                                                       XLXI_24/Mcompar_slow_counter_cmp_ge0000_cy<7>
    SLICE_X67Y10.CIN     net (fanout=1)        0.000   XLXI_24/Mcompar_slow_counter_cmp_ge0000_cy<7>
    SLICE_X67Y10.COUT    Tbyp                  0.118   XLXI_24/Mcompar_slow_counter_cmp_ge0000_cy<9>
                                                       XLXI_24/Mcompar_slow_counter_cmp_ge0000_cy<8>
                                                       XLXI_24/Mcompar_slow_counter_cmp_ge0000_cy<9>
    SLICE_X67Y11.CIN     net (fanout=1)        0.000   XLXI_24/Mcompar_slow_counter_cmp_ge0000_cy<9>
    SLICE_X67Y11.COUT    Tbyp                  0.118   XLXI_24/slow_counter_cmp_ge0000
                                                       XLXI_24/Mcompar_slow_counter_cmp_ge0000_cy<10>
                                                       XLXI_24/slow_counter_cmp_ge0000_rt
    SLICE_X65Y1.F3       net (fanout=30)       1.998   XLXI_24/slow_counter_cmp_ge0000
    SLICE_X65Y1.COUT     Topcyf                1.162   XLXI_24/slow_counter<2>
                                                       XLXI_24/Mcount_slow_counter_lut<2>
                                                       XLXI_24/Mcount_slow_counter_cy<2>
                                                       XLXI_24/Mcount_slow_counter_cy<3>
    SLICE_X65Y2.CIN      net (fanout=1)        0.000   XLXI_24/Mcount_slow_counter_cy<3>
    SLICE_X65Y2.COUT     Tbyp                  0.118   XLXI_24/slow_counter<4>
                                                       XLXI_24/Mcount_slow_counter_cy<4>
                                                       XLXI_24/Mcount_slow_counter_cy<5>
    SLICE_X65Y3.CIN      net (fanout=1)        0.000   XLXI_24/Mcount_slow_counter_cy<5>
    SLICE_X65Y3.COUT     Tbyp                  0.118   XLXI_24/slow_counter<6>
                                                       XLXI_24/Mcount_slow_counter_cy<6>
                                                       XLXI_24/Mcount_slow_counter_cy<7>
    SLICE_X65Y4.CIN      net (fanout=1)        0.000   XLXI_24/Mcount_slow_counter_cy<7>
    SLICE_X65Y4.COUT     Tbyp                  0.118   XLXI_24/slow_counter<8>
                                                       XLXI_24/Mcount_slow_counter_cy<8>
                                                       XLXI_24/Mcount_slow_counter_cy<9>
    SLICE_X65Y5.CIN      net (fanout=1)        0.000   XLXI_24/Mcount_slow_counter_cy<9>
    SLICE_X65Y5.COUT     Tbyp                  0.118   XLXI_24/slow_counter<10>
                                                       XLXI_24/Mcount_slow_counter_cy<10>
                                                       XLXI_24/Mcount_slow_counter_cy<11>
    SLICE_X65Y6.CIN      net (fanout=1)        0.000   XLXI_24/Mcount_slow_counter_cy<11>
    SLICE_X65Y6.COUT     Tbyp                  0.118   XLXI_24/slow_counter<12>
                                                       XLXI_24/Mcount_slow_counter_cy<12>
                                                       XLXI_24/Mcount_slow_counter_cy<13>
    SLICE_X65Y7.CIN      net (fanout=1)        0.000   XLXI_24/Mcount_slow_counter_cy<13>
    SLICE_X65Y7.COUT     Tbyp                  0.118   XLXI_24/slow_counter<14>
                                                       XLXI_24/Mcount_slow_counter_cy<14>
                                                       XLXI_24/Mcount_slow_counter_cy<15>
    SLICE_X65Y8.CIN      net (fanout=1)        0.000   XLXI_24/Mcount_slow_counter_cy<15>
    SLICE_X65Y8.COUT     Tbyp                  0.118   XLXI_24/slow_counter<16>
                                                       XLXI_24/Mcount_slow_counter_cy<16>
                                                       XLXI_24/Mcount_slow_counter_cy<17>
    SLICE_X65Y9.CIN      net (fanout=1)        0.000   XLXI_24/Mcount_slow_counter_cy<17>
    SLICE_X65Y9.COUT     Tbyp                  0.118   XLXI_24/slow_counter<18>
                                                       XLXI_24/Mcount_slow_counter_cy<18>
                                                       XLXI_24/Mcount_slow_counter_cy<19>
    SLICE_X65Y10.CIN     net (fanout=1)        0.000   XLXI_24/Mcount_slow_counter_cy<19>
    SLICE_X65Y10.COUT    Tbyp                  0.118   XLXI_24/slow_counter<20>
                                                       XLXI_24/Mcount_slow_counter_cy<20>
                                                       XLXI_24/Mcount_slow_counter_cy<21>
    SLICE_X65Y11.CIN     net (fanout=1)        0.000   XLXI_24/Mcount_slow_counter_cy<21>
    SLICE_X65Y11.CLK     Tcinck                1.002   XLXI_24/slow_counter<22>
                                                       XLXI_24/Mcount_slow_counter_cy<22>
                                                       XLXI_24/Mcount_slow_counter_xor<23>
                                                       XLXI_24/slow_counter_23
    -------------------------------------------------  ---------------------------
    Total                                      8.695ns (5.408ns logic, 3.287ns route)
                                                       (62.2% logic, 37.8% route)

--------------------------------------------------------------------------------
Slack (setup path):     11.307ns (requirement - (data path - clock path skew + uncertainty))
  Source:               XLXI_24/slow_counter_12 (FF)
  Destination:          XLXI_24/slow_counter_23 (FF)
  Requirement:          20.000ns
  Data Path Delay:      8.686ns (Levels of Logic = 18)
  Clock Path Skew:      -0.007ns (0.005 - 0.012)
  Source Clock:         Clk_50MHz_BUFGP rising at 0.000ns
  Destination Clock:    Clk_50MHz_BUFGP rising at 20.000ns
  Clock Uncertainty:    0.000ns

  Maximum Data Path: XLXI_24/slow_counter_12 to XLXI_24/slow_counter_23
    Location             Delay type         Delay(ns)  Physical Resource
                                                       Logical Resource(s)
    -------------------------------------------------  -------------------
    SLICE_X65Y6.XQ       Tcko                  0.591   XLXI_24/slow_counter<12>
                                                       XLXI_24/slow_counter_12
    SLICE_X67Y6.G2       net (fanout=2)        1.289   XLXI_24/slow_counter<12>
    SLICE_X67Y6.COUT     Topcyg                1.001   XLXI_24/Mcompar_slow_counter_cmp_ge0000_cy<1>
                                                       XLXI_24/Mcompar_slow_counter_cmp_ge0000_lut<1>
                                                       XLXI_24/Mcompar_slow_counter_cmp_ge0000_cy<1>
    SLICE_X67Y7.CIN      net (fanout=1)        0.000   XLXI_24/Mcompar_slow_counter_cmp_ge0000_cy<1>
    SLICE_X67Y7.COUT     Tbyp                  0.118   XLXI_24/Mcompar_slow_counter_cmp_ge0000_cy<3>
                                                       XLXI_24/Mcompar_slow_counter_cmp_ge0000_cy<2>
                                                       XLXI_24/Mcompar_slow_counter_cmp_ge0000_cy<3>
    SLICE_X67Y8.CIN      net (fanout=1)        0.000   XLXI_24/Mcompar_slow_counter_cmp_ge0000_cy<3>
    SLICE_X67Y8.COUT     Tbyp                  0.118   XLXI_24/Mcompar_slow_counter_cmp_ge0000_cy<5>
                                                       XLXI_24/Mcompar_slow_counter_cmp_ge0000_cy<4>
                                                       XLXI_24/Mcompar_slow_counter_cmp_ge0000_cy<5>
    SLICE_X67Y9.CIN      net (fanout=1)        0.000   XLXI_24/Mcompar_slow_counter_cmp_ge0000_cy<5>
    SLICE_X67Y9.COUT     Tbyp                  0.118   XLXI_24/Mcompar_slow_counter_cmp_ge0000_cy<7>
                                                       XLXI_24/Mcompar_slow_counter_cmp_ge0000_cy<6>
                                                       XLXI_24/Mcompar_slow_counter_cmp_ge0000_cy<7>
    SLICE_X67Y10.CIN     net (fanout=1)        0.000   XLXI_24/Mcompar_slow_counter_cmp_ge0000_cy<7>
    SLICE_X67Y10.COUT    Tbyp                  0.118   XLXI_24/Mcompar_slow_counter_cmp_ge0000_cy<9>
                                                       XLXI_24/Mcompar_slow_counter_cmp_ge0000_cy<8>
                                                       XLXI_24/Mcompar_slow_counter_cmp_ge0000_cy<9>
    SLICE_X67Y11.CIN     net (fanout=1)        0.000   XLXI_24/Mcompar_slow_counter_cmp_ge0000_cy<9>
    SLICE_X67Y11.COUT    Tbyp                  0.118   XLXI_24/slow_counter_cmp_ge0000
                                                       XLXI_24/Mcompar_slow_counter_cmp_ge0000_cy<10>
                                                       XLXI_24/slow_counter_cmp_ge0000_rt
    SLICE_X65Y0.G3       net (fanout=30)       2.032   XLXI_24/slow_counter_cmp_ge0000
    SLICE_X65Y0.COUT     Topcyg                1.001   XLXI_24/slow_counter<0>
                                                       XLXI_24/Mcount_slow_counter_lut<1>
                                                       XLXI_24/Mcount_slow_counter_cy<1>
    SLICE_X65Y1.CIN      net (fanout=1)        0.000   XLXI_24/Mcount_slow_counter_cy<1>
    SLICE_X65Y1.COUT     Tbyp                  0.118   XLXI_24/slow_counter<2>
                                                       XLXI_24/Mcount_slow_counter_cy<2>
                                                       XLXI_24/Mcount_slow_counter_cy<3>
    SLICE_X65Y2.CIN      net (fanout=1)        0.000   XLXI_24/Mcount_slow_counter_cy<3>
    SLICE_X65Y2.COUT     Tbyp                  0.118   XLXI_24/slow_counter<4>
                                                       XLXI_24/Mcount_slow_counter_cy<4>
                                                       XLXI_24/Mcount_slow_counter_cy<5>
    SLICE_X65Y3.CIN      net (fanout=1)        0.000   XLXI_24/Mcount_slow_counter_cy<5>
    SLICE_X65Y3.COUT     Tbyp                  0.118   XLXI_24/slow_counter<6>
                                                       XLXI_24/Mcount_slow_counter_cy<6>
                                                       XLXI_24/Mcount_slow_counter_cy<7>
    SLICE_X65Y4.CIN      net (fanout=1)        0.000   XLXI_24/Mcount_slow_counter_cy<7>
    SLICE_X65Y4.COUT     Tbyp                  0.118   XLXI_24/slow_counter<8>
                                                       XLXI_24/Mcount_slow_counter_cy<8>
                                                       XLXI_24/Mcount_slow_counter_cy<9>
    SLICE_X65Y5.CIN      net (fanout=1)        0.000   XLXI_24/Mcount_slow_counter_cy<9>
    SLICE_X65Y5.COUT     Tbyp                  0.118   XLXI_24/slow_counter<10>
                                                       XLXI_24/Mcount_slow_counter_cy<10>
                                                       XLXI_24/Mcount_slow_counter_cy<11>
    SLICE_X65Y6.CIN      net (fanout=1)        0.000   XLXI_24/Mcount_slow_counter_cy<11>
    SLICE_X65Y6.COUT     Tbyp                  0.118   XLXI_24/slow_counter<12>
                                                       XLXI_24/Mcount_slow_counter_cy<12>
                                                       XLXI_24/Mcount_slow_counter_cy<13>
    SLICE_X65Y7.CIN      net (fanout=1)        0.000   XLXI_24/Mcount_slow_counter_cy<13>
    SLICE_X65Y7.COUT     Tbyp                  0.118   XLXI_24/slow_counter<14>
                                                       XLXI_24/Mcount_slow_counter_cy<14>
                                                       XLXI_24/Mcount_slow_counter_cy<15>
    SLICE_X65Y8.CIN      net (fanout=1)        0.000   XLXI_24/Mcount_slow_counter_cy<15>
    SLICE_X65Y8.COUT     Tbyp                  0.118   XLXI_24/slow_counter<16>
                                                       XLXI_24/Mcount_slow_counter_cy<16>
                                                       XLXI_24/Mcount_slow_counter_cy<17>
    SLICE_X65Y9.CIN      net (fanout=1)        0.000   XLXI_24/Mcount_slow_counter_cy<17>
    SLICE_X65Y9.COUT     Tbyp                  0.118   XLXI_24/slow_counter<18>
                                                       XLXI_24/Mcount_slow_counter_cy<18>
                                                       XLXI_24/Mcount_slow_counter_cy<19>
    SLICE_X65Y10.CIN     net (fanout=1)        0.000   XLXI_24/Mcount_slow_counter_cy<19>
    SLICE_X65Y10.COUT    Tbyp                  0.118   XLXI_24/slow_counter<20>
                                                       XLXI_24/Mcount_slow_counter_cy<20>
                                                       XLXI_24/Mcount_slow_counter_cy<21>
    SLICE_X65Y11.CIN     net (fanout=1)        0.000   XLXI_24/Mcount_slow_counter_cy<21>
    SLICE_X65Y11.CLK     Tcinck                1.002   XLXI_24/slow_counter<22>
                                                       XLXI_24/Mcount_slow_counter_cy<22>
                                                       XLXI_24/Mcount_slow_counter_xor<23>
                                                       XLXI_24/slow_counter_23
    -------------------------------------------------  ---------------------------
    Total                                      8.686ns (5.365ns logic, 3.321ns route)
                                                       (61.8% logic, 38.2% route)

--------------------------------------------------------------------------------
Slack (setup path):     11.344ns (requirement - (data path - clock path skew + uncertainty))
  Source:               XLXI_24/slow_counter_11 (FF)
  Destination:          XLXI_24/slow_counter_23 (FF)
  Requirement:          20.000ns
  Data Path Delay:      8.646ns (Levels of Logic = 17)
  Clock Path Skew:      -0.010ns (0.005 - 0.015)
  Source Clock:         Clk_50MHz_BUFGP rising at 0.000ns
  Destination Clock:    Clk_50MHz_BUFGP rising at 20.000ns
  Clock Uncertainty:    0.000ns

  Maximum Data Path: XLXI_24/slow_counter_11 to XLXI_24/slow_counter_23
    Location             Delay type         Delay(ns)  Physical Resource
                                                       Logical Resource(s)
    -------------------------------------------------  -------------------
    SLICE_X65Y5.YQ       Tcko                  0.587   XLXI_24/slow_counter<10>
                                                       XLXI_24/slow_counter_11
    SLICE_X67Y6.G3       net (fanout=2)        1.244   XLXI_24/slow_counter<11>
    SLICE_X67Y6.COUT     Topcyg                1.001   XLXI_24/Mcompar_slow_counter_cmp_ge0000_cy<1>
                                                       XLXI_24/Mcompar_slow_counter_cmp_ge0000_lut<1>
                                                       XLXI_24/Mcompar_slow_counter_cmp_ge0000_cy<1>
    SLICE_X67Y7.CIN      net (fanout=1)        0.000   XLXI_24/Mcompar_slow_counter_cmp_ge0000_cy<1>
    SLICE_X67Y7.COUT     Tbyp                  0.118   XLXI_24/Mcompar_slow_counter_cmp_ge0000_cy<3>
                                                       XLXI_24/Mcompar_slow_counter_cmp_ge0000_cy<2>
                                                       XLXI_24/Mcompar_slow_counter_cmp_ge0000_cy<3>
    SLICE_X67Y8.CIN      net (fanout=1)        0.000   XLXI_24/Mcompar_slow_counter_cmp_ge0000_cy<3>
    SLICE_X67Y8.COUT     Tbyp                  0.118   XLXI_24/Mcompar_slow_counter_cmp_ge0000_cy<5>
                                                       XLXI_24/Mcompar_slow_counter_cmp_ge0000_cy<4>
                                                       XLXI_24/Mcompar_slow_counter_cmp_ge0000_cy<5>
    SLICE_X67Y9.CIN      net (fanout=1)        0.000   XLXI_24/Mcompar_slow_counter_cmp_ge0000_cy<5>
    SLICE_X67Y9.COUT     Tbyp                  0.118   XLXI_24/Mcompar_slow_counter_cmp_ge0000_cy<7>
                                                       XLXI_24/Mcompar_slow_counter_cmp_ge0000_cy<6>
                                                       XLXI_24/Mcompar_slow_counter_cmp_ge0000_cy<7>
    SLICE_X67Y10.CIN     net (fanout=1)        0.000   XLXI_24/Mcompar_slow_counter_cmp_ge0000_cy<7>
    SLICE_X67Y10.COUT    Tbyp                  0.118   XLXI_24/Mcompar_slow_counter_cmp_ge0000_cy<9>
                                                       XLXI_24/Mcompar_slow_counter_cmp_ge0000_cy<8>
                                                       XLXI_24/Mcompar_slow_counter_cmp_ge0000_cy<9>
    SLICE_X67Y11.CIN     net (fanout=1)        0.000   XLXI_24/Mcompar_slow_counter_cmp_ge0000_cy<9>
    SLICE_X67Y11.COUT    Tbyp                  0.118   XLXI_24/slow_counter_cmp_ge0000
                                                       XLXI_24/Mcompar_slow_counter_cmp_ge0000_cy<10>
                                                       XLXI_24/slow_counter_cmp_ge0000_rt
    SLICE_X65Y1.F3       net (fanout=30)       1.998   XLXI_24/slow_counter_cmp_ge0000
    SLICE_X65Y1.COUT     Topcyf                1.162   XLXI_24/slow_counter<2>
                                                       XLXI_24/Mcount_slow_counter_lut<2>
                                                       XLXI_24/Mcount_slow_counter_cy<2>
                                                       XLXI_24/Mcount_slow_counter_cy<3>
    SLICE_X65Y2.CIN      net (fanout=1)        0.000   XLXI_24/Mcount_slow_counter_cy<3>
    SLICE_X65Y2.COUT     Tbyp                  0.118   XLXI_24/slow_counter<4>
                                                       XLXI_24/Mcount_slow_counter_cy<4>
                                                       XLXI_24/Mcount_slow_counter_cy<5>
    SLICE_X65Y3.CIN      net (fanout=1)        0.000   XLXI_24/Mcount_slow_counter_cy<5>
    SLICE_X65Y3.COUT     Tbyp                  0.118   XLXI_24/slow_counter<6>
                                                       XLXI_24/Mcount_slow_counter_cy<6>
                                                       XLXI_24/Mcount_slow_counter_cy<7>
    SLICE_X65Y4.CIN      net (fanout=1)        0.000   XLXI_24/Mcount_slow_counter_cy<7>
    SLICE_X65Y4.COUT     Tbyp                  0.118   XLXI_24/slow_counter<8>
                                                       XLXI_24/Mcount_slow_counter_cy<8>
                                                       XLXI_24/Mcount_slow_counter_cy<9>
    SLICE_X65Y5.CIN      net (fanout=1)        0.000   XLXI_24/Mcount_slow_counter_cy<9>
    SLICE_X65Y5.COUT     Tbyp                  0.118   XLXI_24/slow_counter<10>
                                                       XLXI_24/Mcount_slow_counter_cy<10>
                                                       XLXI_24/Mcount_slow_counter_cy<11>
    SLICE_X65Y6.CIN      net (fanout=1)        0.000   XLXI_24/Mcount_slow_counter_cy<11>
    SLICE_X65Y6.COUT     Tbyp                  0.118   XLXI_24/slow_counter<12>
                                                       XLXI_24/Mcount_slow_counter_cy<12>
                                                       XLXI_24/Mcount_slow_counter_cy<13>
    SLICE_X65Y7.CIN      net (fanout=1)        0.000   XLXI_24/Mcount_slow_counter_cy<13>
    SLICE_X65Y7.COUT     Tbyp                  0.118   XLXI_24/slow_counter<14>
                                                       XLXI_24/Mcount_slow_counter_cy<14>
                                                       XLXI_24/Mcount_slow_counter_cy<15>
    SLICE_X65Y8.CIN      net (fanout=1)        0.000   XLXI_24/Mcount_slow_counter_cy<15>
    SLICE_X65Y8.COUT     Tbyp                  0.118   XLXI_24/slow_counter<16>
                                                       XLXI_24/Mcount_slow_counter_cy<16>
                                                       XLXI_24/Mcount_slow_counter_cy<17>
    SLICE_X65Y9.CIN      net (fanout=1)        0.000   XLXI_24/Mcount_slow_counter_cy<17>
    SLICE_X65Y9.COUT     Tbyp                  0.118   XLXI_24/slow_counter<18>
                                                       XLXI_24/Mcount_slow_counter_cy<18>
                                                       XLXI_24/Mcount_slow_counter_cy<19>
    SLICE_X65Y10.CIN     net (fanout=1)        0.000   XLXI_24/Mcount_slow_counter_cy<19>
    SLICE_X65Y10.COUT    Tbyp                  0.118   XLXI_24/slow_counter<20>
                                                       XLXI_24/Mcount_slow_counter_cy<20>
                                                       XLXI_24/Mcount_slow_counter_cy<21>
    SLICE_X65Y11.CIN     net (fanout=1)        0.000   XLXI_24/Mcount_slow_counter_cy<21>
    SLICE_X65Y11.CLK     Tcinck                1.002   XLXI_24/slow_counter<22>
                                                       XLXI_24/Mcount_slow_counter_cy<22>
                                                       XLXI_24/Mcount_slow_counter_xor<23>
                                                       XLXI_24/slow_counter_23
    -------------------------------------------------  ---------------------------
    Total                                      8.646ns (5.404ns logic, 3.242ns route)
                                                       (62.5% logic, 37.5% route)

--------------------------------------------------------------------------------

Hold Paths: NET "Clk_50MHz_BUFGP/IBUFG" PERIOD = 20 ns HIGH 50%;
--------------------------------------------------------------------------------

Paths for end point XLXI_22/RxDO_1 (SLICE_X51Y22.BX), 1 path
--------------------------------------------------------------------------------
Slack (hold path):      0.980ns (requirement - (clock path skew + uncertainty - data path))
  Source:               XLXI_22/srRx_1 (FF)
  Destination:          XLXI_22/RxDO_1 (FF)
  Requirement:          0.000ns
  Data Path Delay:      0.980ns (Levels of Logic = 0)
  Clock Path Skew:      0.000ns
  Source Clock:         Clk_50MHz_BUFGP rising at 20.000ns
  Destination Clock:    Clk_50MHz_BUFGP rising at 20.000ns
  Clock Uncertainty:    0.000ns

  Minimum Data Path: XLXI_22/srRx_1 to XLXI_22/RxDO_1
    Location             Delay type         Delay(ns)  Physical Resource
                                                       Logical Resource(s)
    -------------------------------------------------  -------------------
    SLICE_X50Y23.XQ      Tcko                  0.474   XLXI_22/srRx<1>
                                                       XLXI_22/srRx_1
    SLICE_X51Y22.BX      net (fanout=2)        0.413   XLXI_22/srRx<1>
    SLICE_X51Y22.CLK     Tckdi       (-Th)    -0.093   XLXN_6<1>
                                                       XLXI_22/RxDO_1
    -------------------------------------------------  ---------------------------
    Total                                      0.980ns (0.567ns logic, 0.413ns route)
                                                       (57.9% logic, 42.1% route)

--------------------------------------------------------------------------------

Paths for end point XLXI_22/RxDO_7 (SLICE_X47Y22.BX), 1 path
--------------------------------------------------------------------------------
Slack (hold path):      0.980ns (requirement - (clock path skew + uncertainty - data path))
  Source:               XLXI_22/srRx_7 (FF)
  Destination:          XLXI_22/RxDO_7 (FF)
  Requirement:          0.000ns
  Data Path Delay:      0.980ns (Levels of Logic = 0)
  Clock Path Skew:      0.000ns
  Source Clock:         Clk_50MHz_BUFGP rising at 20.000ns
  Destination Clock:    Clk_50MHz_BUFGP rising at 20.000ns
  Clock Uncertainty:    0.000ns

  Minimum Data Path: XLXI_22/srRx_7 to XLXI_22/RxDO_7
    Location             Delay type         Delay(ns)  Physical Resource
                                                       Logical Resource(s)
    -------------------------------------------------  -------------------
    SLICE_X46Y23.XQ      Tcko                  0.474   XLXI_22/srRx<7>
                                                       XLXI_22/srRx_7
    SLICE_X47Y22.BX      net (fanout=2)        0.413   XLXI_22/srRx<7>
    SLICE_X47Y22.CLK     Tckdi       (-Th)    -0.093   XLXN_6<7>
                                                       XLXI_22/RxDO_7
    -------------------------------------------------  ---------------------------
    Total                                      0.980ns (0.567ns logic, 0.413ns route)
                                                       (57.9% logic, 42.1% route)

--------------------------------------------------------------------------------

Paths for end point XLXI_22/srRx_3 (SLICE_X51Y23.BX), 1 path
--------------------------------------------------------------------------------
Slack (hold path):      1.021ns (requirement - (clock path skew + uncertainty - data path))
  Source:               XLXI_22/srRx_4 (FF)
  Destination:          XLXI_22/srRx_3 (FF)
  Requirement:          0.000ns
  Data Path Delay:      1.023ns (Levels of Logic = 0)
  Clock Path Skew:      0.002ns (0.056 - 0.054)
  Source Clock:         Clk_50MHz_BUFGP rising at 20.000ns
  Destination Clock:    Clk_50MHz_BUFGP rising at 20.000ns
  Clock Uncertainty:    0.000ns

  Minimum Data Path: XLXI_22/srRx_4 to XLXI_22/srRx_3
    Location             Delay type         Delay(ns)  Physical Resource
                                                       Logical Resource(s)
    -------------------------------------------------  -------------------
    SLICE_X48Y22.YQ      Tcko                  0.522   XLXI_22/srRx<5>
                                                       XLXI_22/srRx_4
    SLICE_X51Y23.BX      net (fanout=2)        0.408   XLXI_22/srRx<4>
    SLICE_X51Y23.CLK     Tckdi       (-Th)    -0.093   XLXI_22/srRx<3>
                                                       XLXI_22/srRx_3
    -------------------------------------------------  ---------------------------
    Total                                      1.023ns (0.615ns logic, 0.408ns route)
                                                       (60.1% logic, 39.9% route)

--------------------------------------------------------------------------------

Component Switching Limit Checks: NET "Clk_50MHz_BUFGP/IBUFG" PERIOD = 20 ns HIGH 50%;
--------------------------------------------------------------------------------
Slack: 18.348ns (period - (min low pulse limit / (low pulse / period)))
  Period: 20.000ns
  Low pulse: 10.000ns
  Low pulse limit: 0.826ns (Tcl)
  Physical resource: XLXI_23/regDnI/CLK
  Logical resource: XLXI_23/regDnI/CK
  Location pin: SLICE_X64Y69.CLK
  Clock network: Clk_50MHz_BUFGP
--------------------------------------------------------------------------------
Slack: 18.348ns (period - (min high pulse limit / (high pulse / period)))
  Period: 20.000ns
  High pulse: 10.000ns
  High pulse limit: 0.826ns (Tch)
  Physical resource: XLXI_23/regDnI/CLK
  Logical resource: XLXI_23/regDnI/CK
  Location pin: SLICE_X64Y69.CLK
  Clock network: Clk_50MHz_BUFGP
--------------------------------------------------------------------------------
Slack: 18.348ns (period - min period limit)
  Period: 20.000ns
  Min period limit: 1.652ns (605.327MHz) (Tcp)
  Physical resource: XLXI_23/regDnI/CLK
  Logical resource: XLXI_23/regDnI/CK
  Location pin: SLICE_X64Y69.CLK
  Clock network: Clk_50MHz_BUFGP
--------------------------------------------------------------------------------


All constraints were met.


Data Sheet report:
-----------------
All values displayed in nanoseconds (ns)

Clock to Setup on destination clock Clk_50MHz
---------------+---------+---------+---------+---------+
               | Src:Rise| Src:Fall| Src:Rise| Src:Fall|
Source Clock   |Dest:Rise|Dest:Rise|Dest:Fall|Dest:Fall|
---------------+---------+---------+---------+---------+
Clk_50MHz      |    8.940|         |         |         |
---------------+---------+---------+---------+---------+


Timing summary:
---------------

Timing errors: 0  Score: 0  (Setup/Max: 0, Hold: 0)

Constraints cover 11408 paths, 0 nets, and 860 connections

Design statistics:
   Minimum period:   8.940ns{1}   (Maximum frequency: 111.857MHz)


------------------------------------Footnotes-----------------------------------
1)  The minimum period statistic assumes all single cycle delays.

Analysis completed Tue Dec 19 09:40:18 2023 
--------------------------------------------------------------------------------

Trace Settings:
-------------------------
Trace Settings 

Peak Memory Usage: 4511 MB



