Release 14.7 - xst P.20131013 (nt64)
Copyright (c) 1995-2013 Xilinx, Inc.  All rights reserved.
--> Parameter TMPDIR set to xst/projnav.tmp


Total REAL time to Xst completion: 0.00 secs
Total CPU time to Xst completion: 0.09 secs
 
--> Parameter xsthdpdir set to xst


Total REAL time to Xst completion: 0.00 secs
Total CPU time to Xst completion: 0.09 secs
 
--> Reading design: przystawka.prj

TABLE OF CONTENTS
  1) Synthesis Options Summary
  2) HDL Compilation
  3) Design Hierarchy Analysis
  4) HDL Analysis
  5) HDL Synthesis
     5.1) HDL Synthesis Report
  6) Advanced HDL Synthesis
     6.1) Advanced HDL Synthesis Report
  7) Low Level Synthesis
  8) Partition Report
  9) Final Report
	9.1) Device utilization summary
	9.2) Partition Resource Summary
	9.3) TIMING REPORT


=========================================================================
*                      Synthesis Options Summary                        *
=========================================================================
---- Source Parameters
Input File Name                    : "przystawka.prj"
Input Format                       : mixed
Ignore Synthesis Constraint File   : NO

---- Target Parameters
Output File Name                   : "przystawka"
Output Format                      : NGC
Target Device                      : xc3s500e-4-fg320

---- Source Options
Top Module Name                    : przystawka
Automatic FSM Extraction           : YES
FSM Encoding Algorithm             : Auto
Safe Implementation                : No
FSM Style                          : LUT
RAM Extraction                     : Yes
RAM Style                          : Auto
ROM Extraction                     : Yes
Mux Style                          : Auto
Decoder Extraction                 : YES
Priority Encoder Extraction        : Yes
Shift Register Extraction          : YES
Logical Shifter Extraction         : YES
XOR Collapsing                     : YES
ROM Style                          : Auto
Mux Extraction                     : Yes
Resource Sharing                   : YES
Asynchronous To Synchronous        : NO
Multiplier Style                   : Auto
Automatic Register Balancing       : No

---- Target Options
Add IO Buffers                     : YES
Global Maximum Fanout              : 100000
Add Generic Clock Buffer(BUFG)     : 24
Register Duplication               : YES
Slice Packing                      : YES
Optimize Instantiated Primitives   : NO
Use Clock Enable                   : Yes
Use Synchronous Set                : Yes
Use Synchronous Reset              : Yes
Pack IO Registers into IOBs        : Auto
Equivalent register Removal        : YES

---- General Options
Optimization Goal                  : Speed
Optimization Effort                : 1
Keep Hierarchy                     : No
Netlist Hierarchy                  : As_Optimized
RTL Output                         : Yes
Global Optimization                : AllClockNets
Read Cores                         : YES
Write Timing Constraints           : NO
Cross Clock Analysis               : NO
Hierarchy Separator                : /
Bus Delimiter                      : <>
Case Specifier                     : Maintain
Slice Utilization Ratio            : 100
BRAM Utilization Ratio             : 100
Verilog 2001                       : YES
Auto BRAM Packing                  : NO
Slice Utilization Ratio Delta      : 5

=========================================================================


=========================================================================
*                          HDL Compilation                              *
=========================================================================
Compiling vhdl file "C:/Users/lab/Desktop/Lab7ACJS/thisissparta/counter.vhd" in Library work.
Entity <counter> compiled.
Entity <counter> (Architecture <behavioral>) compiled.
Compiling vhdl file "C:/Users/lab/Desktop/Lab7ACJS/thisissparta/przystawka.vhf" in Library work.
Architecture behavioral of Entity przystawka is up to date.

=========================================================================
*                     Design Hierarchy Analysis                         *
=========================================================================
Analyzing hierarchy for entity <przystawka> in library <work> (architecture <behavioral>).

Analyzing hierarchy for entity <counter> in library <work> (architecture <behavioral>).


=========================================================================
*                            HDL Analysis                               *
=========================================================================
Analyzing Entity <przystawka> in library <work> (Architecture <behavioral>).
WARNING:Xst:753 - "C:/Users/lab/Desktop/Lab7ACJS/thisissparta/przystawka.vhf" line 124: Unconnected output port 'TxBusy' of component 'RS232'.
WARNING:Xst:753 - "C:/Users/lab/Desktop/Lab7ACJS/thisissparta/przystawka.vhf" line 124: Unconnected output port 'RxRdy' of component 'RS232'.
WARNING:Xst:753 - "C:/Users/lab/Desktop/Lab7ACJS/thisissparta/przystawka.vhf" line 124: Unconnected output port 'RS232_TxD' of component 'RS232'.
WARNING:Xst:2211 - "C:/Users/lab/Desktop/Lab7ACJS/thisissparta/przystawka.vhf" line 124: Instantiating black box module <RS232>.
WARNING:Xst:2211 - "C:/Users/lab/Desktop/Lab7ACJS/thisissparta/przystawka.vhf" line 136: Instantiating black box module <LCD2x64>.
Entity <przystawka> analyzed. Unit <przystawka> generated.

Analyzing Entity <counter> in library <work> (Architecture <behavioral>).
Entity <counter> analyzed. Unit <counter> generated.


=========================================================================
*                           HDL Synthesis                               *
=========================================================================

Performing bidirectional port resolution...

Synthesizing Unit <counter>.
    Related source file is "C:/Users/lab/Desktop/Lab7ACJS/thisissparta/counter.vhd".
    Found 8-bit updown counter for signal <number>.
    Found 28-bit comparator less for signal <number$cmp_lt0000> created at line 71.
    Found 28-bit up counter for signal <slow_counter>.
    Found 28-bit comparator greatequal for signal <slow_counter$cmp_ge0000> created at line 71.
    Summary:
	inferred   2 Counter(s).
	inferred   2 Comparator(s).
Unit <counter> synthesized.


Synthesizing Unit <przystawka>.
    Related source file is "C:/Users/lab/Desktop/Lab7ACJS/thisissparta/przystawka.vhf".
WARNING:Xst:653 - Signal <XLXI_23_Reset_openSignal> is used but never assigned. This sourceless signal will be automatically connected to value 0.
WARNING:Xst:653 - Signal <XLXI_23_Line2_openSignal> is used but never assigned. This sourceless signal will be automatically connected to value 0000000000000000000000000000000000000000000000000000000000000000.
WARNING:Xst:653 - Signal <XLXI_23_Blank2_openSignal> is used but never assigned. This sourceless signal will be automatically connected to value 0000000000000000.
WARNING:Xst:653 - Signal <XLXI_23_Blank1_openSignal> is used but never assigned. This sourceless signal will be automatically connected to value 0000000000000000.
WARNING:Xst:653 - Signal <XLXI_22_TxStart_openSignal> is used but never assigned. This sourceless signal will be automatically connected to value 0.
WARNING:Xst:653 - Signal <XLXI_22_TxDI_openSignal> is used but never assigned. This sourceless signal will be automatically connected to value 00000000.
WARNING:Xst:653 - Signal <XLXI_22_Reset_openSignal> is used but never assigned. This sourceless signal will be automatically connected to value 0.
WARNING:Xst:653 - Signal <DI<63:16>> is used but never assigned. This sourceless signal will be automatically connected to value 000000000000000000000000000000000000000000000000.
Unit <przystawka> synthesized.


=========================================================================
HDL Synthesis Report

Macro Statistics
# Counters                                             : 2
 28-bit up counter                                     : 1
 8-bit updown counter                                  : 1
# Comparators                                          : 2
 28-bit comparator greatequal                          : 1
 28-bit comparator less                                : 1

=========================================================================

=========================================================================
*                       Advanced HDL Synthesis                          *
=========================================================================

Reading core <RS232.ngc>.
Reading core <LCD2x64.ngc>.
Loading core <RS232> for timing and area information for instance <XLXI_22>.
Loading core <LCD2x64> for timing and area information for instance <XLXI_23>.

=========================================================================
Advanced HDL Synthesis Report

Macro Statistics
# Counters                                             : 2
 28-bit up counter                                     : 1
 8-bit updown counter                                  : 1
# Comparators                                          : 2
 28-bit comparator greatequal                          : 1
 28-bit comparator less                                : 1

=========================================================================

=========================================================================
*                         Low Level Synthesis                           *
=========================================================================

Optimizing unit <przystawka> ...

Mapping all equations...
Building and optimizing final netlist ...
Found area constraint ratio of 100 (+ 5) on block przystawka, actual ratio is 4.
INFO:Xst:2260 - The FF/Latch <State_16> in Unit <XLXI_23> is equivalent to the following 4 FFs/Latches : <State_16_1> <State_16_2> <State_16_3> <State_16_4> 
INFO:Xst:2260 - The FF/Latch <cntDigit_0> in Unit <XLXI_23> is equivalent to the following FF/Latch : <cntDigit_0_1> 
INFO:Xst:2260 - The FF/Latch <cntDigit_1> in Unit <XLXI_23> is equivalent to the following FF/Latch : <cntDigit_1_1> 
INFO:Xst:2260 - The FF/Latch <State_16> in Unit <XLXI_23> is equivalent to the following 4 FFs/Latches : <State_16_1> <State_16_2> <State_16_3> <State_16_4> 
INFO:Xst:2260 - The FF/Latch <cntDigit_0> in Unit <XLXI_23> is equivalent to the following FF/Latch : <cntDigit_0_1> 
INFO:Xst:2260 - The FF/Latch <cntDigit_1> in Unit <XLXI_23> is equivalent to the following FF/Latch : <cntDigit_1_1> 

Final Macro Processing ...

=========================================================================
Final Register Report

Macro Statistics
# Registers                                            : 36
 Flip-Flops                                            : 36

=========================================================================

=========================================================================
*                           Partition Report                            *
=========================================================================

Partition Implementation Status
-------------------------------

  No Partitions were found in this design.

-------------------------------

=========================================================================
*                            Final Report                               *
=========================================================================
Final Results
RTL Top Level Output File Name     : przystawka.ngr
Top Level Output File Name         : przystawka
Output Format                      : NGC
Optimization Goal                  : Speed
Keep Hierarchy                     : No

Design Statistics
# IOs                              : 15

Cell Usage :
# BELS                             : 598
#      GND                         : 3
#      INV                         : 18
#      LUT1                        : 46
#      LUT2                        : 43
#      LUT2_L                      : 6
#      LUT3                        : 175
#      LUT3_D                      : 1
#      LUT3_L                      : 6
#      LUT4                        : 66
#      LUT4_D                      : 6
#      LUT4_L                      : 7
#      MULT_AND                    : 7
#      MUXCY                       : 87
#      MUXF5                       : 25
#      MUXF6                       : 12
#      MUXF7                       : 6
#      VCC                         : 3
#      XORCY                       : 81
# FlipFlops/Latches                : 201
#      FD                          : 7
#      FDCE                        : 8
#      FDE                         : 70
#      FDR                         : 76
#      FDRE                        : 14
#      FDRS                        : 11
#      FDRSE                       : 4
#      FDS                         : 11
# Clock Buffers                    : 1
#      BUFGP                       : 1
# IO Buffers                       : 14
#      IBUF                        : 6
#      IOBUF                       : 4
#      OBUF                        : 4
=========================================================================

Device utilization summary:
---------------------------

Selected Device : 3s500efg320-4 

 Number of Slices:                      224  out of   4656     4%  
 Number of Slice Flip Flops:            201  out of   9312     2%  
 Number of 4 input LUTs:                374  out of   9312     4%  
 Number of IOs:                          15
 Number of bonded IOBs:                  15  out of    232     6%  
 Number of GCLKs:                         1  out of     24     4%  

---------------------------
Partition Resource Summary:
---------------------------

  No Partitions were found in this design.

---------------------------


=========================================================================
TIMING REPORT

NOTE: THESE TIMING NUMBERS ARE ONLY A SYNTHESIS ESTIMATE.
      FOR ACCURATE TIMING INFORMATION PLEASE REFER TO THE TRACE REPORT
      GENERATED AFTER PLACE-and-ROUTE.

Clock Information:
------------------
-----------------------------------+------------------------+-------+
Clock Signal                       | Clock buffer(FF name)  | Load  |
-----------------------------------+------------------------+-------+
Clk_50MHz                          | BUFGP                  | 201   |
-----------------------------------+------------------------+-------+

Asynchronous Control Signals Information:
----------------------------------------
-----------------------------------+------------------------+-------+
Control Signal                     | Buffer(FF name)        | Load  |
-----------------------------------+------------------------+-------+
RESET                              | IBUF                   | 8     |
-----------------------------------+------------------------+-------+

Timing Summary:
---------------
Speed Grade: -4

   Minimum period: 8.482ns (Maximum Frequency: 117.903MHz)
   Minimum input arrival time before clock: 6.221ns
   Maximum output required time after clock: 6.080ns
   Maximum combinational path delay: No path found

Timing Detail:
--------------
All values displayed in nanoseconds (ns)

=========================================================================
Timing constraint: Default period analysis for Clock 'Clk_50MHz'
  Clock period: 8.482ns (frequency: 117.903MHz)
  Total number of paths / destination ports: 12409 / 335
-------------------------------------------------------------------------
Delay:               8.482ns (Levels of Logic = 41)
  Source:            XLXI_24/slow_counter_8 (FF)
  Destination:       XLXI_24/slow_counter_27 (FF)
  Source Clock:      Clk_50MHz rising
  Destination Clock: Clk_50MHz rising

  Data Path: XLXI_24/slow_counter_8 to XLXI_24/slow_counter_27
                                Gate     Net
    Cell:in->out      fanout   Delay   Delay  Logical Name (Net Name)
    ----------------------------------------  ------------
     FDE:C->Q              2   0.591   0.622  XLXI_24/slow_counter_8 (XLXI_24/slow_counter_8)
     LUT1:I0->O            1   0.704   0.000  XLXI_24/Mcompar_slow_counter_cmp_ge0000_cy<0>_rt (XLXI_24/Mcompar_slow_counter_cmp_ge0000_cy<0>_rt)
     MUXCY:S->O            1   0.464   0.000  XLXI_24/Mcompar_slow_counter_cmp_ge0000_cy<0> (XLXI_24/Mcompar_slow_counter_cmp_ge0000_cy<0>)
     MUXCY:CI->O           1   0.059   0.000  XLXI_24/Mcompar_slow_counter_cmp_ge0000_cy<1> (XLXI_24/Mcompar_slow_counter_cmp_ge0000_cy<1>)
     MUXCY:CI->O           1   0.059   0.000  XLXI_24/Mcompar_slow_counter_cmp_ge0000_cy<2> (XLXI_24/Mcompar_slow_counter_cmp_ge0000_cy<2>)
     MUXCY:CI->O           1   0.059   0.000  XLXI_24/Mcompar_slow_counter_cmp_ge0000_cy<3> (XLXI_24/Mcompar_slow_counter_cmp_ge0000_cy<3>)
     MUXCY:CI->O           1   0.059   0.000  XLXI_24/Mcompar_slow_counter_cmp_ge0000_cy<4> (XLXI_24/Mcompar_slow_counter_cmp_ge0000_cy<4>)
     MUXCY:CI->O           1   0.059   0.000  XLXI_24/Mcompar_slow_counter_cmp_ge0000_cy<5> (XLXI_24/Mcompar_slow_counter_cmp_ge0000_cy<5>)
     MUXCY:CI->O           1   0.059   0.000  XLXI_24/Mcompar_slow_counter_cmp_ge0000_cy<6> (XLXI_24/Mcompar_slow_counter_cmp_ge0000_cy<6>)
     MUXCY:CI->O           1   0.059   0.000  XLXI_24/Mcompar_slow_counter_cmp_ge0000_cy<7> (XLXI_24/Mcompar_slow_counter_cmp_ge0000_cy<7>)
     MUXCY:CI->O           1   0.059   0.000  XLXI_24/Mcompar_slow_counter_cmp_ge0000_cy<8> (XLXI_24/Mcompar_slow_counter_cmp_ge0000_cy<8>)
     MUXCY:CI->O           1   0.059   0.000  XLXI_24/Mcompar_slow_counter_cmp_ge0000_cy<9> (XLXI_24/Mcompar_slow_counter_cmp_ge0000_cy<9>)
     MUXCY:CI->O          30   0.459   1.297  XLXI_24/Mcompar_slow_counter_cmp_ge0000_cy<10> (XLXI_24/slow_counter_cmp_ge0000)
     LUT3:I2->O            1   0.704   0.000  XLXI_24/Mcount_slow_counter_lut<0> (XLXI_24/Mcount_slow_counter_lut<0>)
     MUXCY:S->O            1   0.464   0.000  XLXI_24/Mcount_slow_counter_cy<0> (XLXI_24/Mcount_slow_counter_cy<0>)
     MUXCY:CI->O           1   0.059   0.000  XLXI_24/Mcount_slow_counter_cy<1> (XLXI_24/Mcount_slow_counter_cy<1>)
     MUXCY:CI->O           1   0.059   0.000  XLXI_24/Mcount_slow_counter_cy<2> (XLXI_24/Mcount_slow_counter_cy<2>)
     MUXCY:CI->O           1   0.059   0.000  XLXI_24/Mcount_slow_counter_cy<3> (XLXI_24/Mcount_slow_counter_cy<3>)
     MUXCY:CI->O           1   0.059   0.000  XLXI_24/Mcount_slow_counter_cy<4> (XLXI_24/Mcount_slow_counter_cy<4>)
     MUXCY:CI->O           1   0.059   0.000  XLXI_24/Mcount_slow_counter_cy<5> (XLXI_24/Mcount_slow_counter_cy<5>)
     MUXCY:CI->O           1   0.059   0.000  XLXI_24/Mcount_slow_counter_cy<6> (XLXI_24/Mcount_slow_counter_cy<6>)
     MUXCY:CI->O           1   0.059   0.000  XLXI_24/Mcount_slow_counter_cy<7> (XLXI_24/Mcount_slow_counter_cy<7>)
     MUXCY:CI->O           1   0.059   0.000  XLXI_24/Mcount_slow_counter_cy<8> (XLXI_24/Mcount_slow_counter_cy<8>)
     MUXCY:CI->O           1   0.059   0.000  XLXI_24/Mcount_slow_counter_cy<9> (XLXI_24/Mcount_slow_counter_cy<9>)
     MUXCY:CI->O           1   0.059   0.000  XLXI_24/Mcount_slow_counter_cy<10> (XLXI_24/Mcount_slow_counter_cy<10>)
     MUXCY:CI->O           1   0.059   0.000  XLXI_24/Mcount_slow_counter_cy<11> (XLXI_24/Mcount_slow_counter_cy<11>)
     MUXCY:CI->O           1   0.059   0.000  XLXI_24/Mcount_slow_counter_cy<12> (XLXI_24/Mcount_slow_counter_cy<12>)
     MUXCY:CI->O           1   0.059   0.000  XLXI_24/Mcount_slow_counter_cy<13> (XLXI_24/Mcount_slow_counter_cy<13>)
     MUXCY:CI->O           1   0.059   0.000  XLXI_24/Mcount_slow_counter_cy<14> (XLXI_24/Mcount_slow_counter_cy<14>)
     MUXCY:CI->O           1   0.059   0.000  XLXI_24/Mcount_slow_counter_cy<15> (XLXI_24/Mcount_slow_counter_cy<15>)
     MUXCY:CI->O           1   0.059   0.000  XLXI_24/Mcount_slow_counter_cy<16> (XLXI_24/Mcount_slow_counter_cy<16>)
     MUXCY:CI->O           1   0.059   0.000  XLXI_24/Mcount_slow_counter_cy<17> (XLXI_24/Mcount_slow_counter_cy<17>)
     MUXCY:CI->O           1   0.059   0.000  XLXI_24/Mcount_slow_counter_cy<18> (XLXI_24/Mcount_slow_counter_cy<18>)
     MUXCY:CI->O           1   0.059   0.000  XLXI_24/Mcount_slow_counter_cy<19> (XLXI_24/Mcount_slow_counter_cy<19>)
     MUXCY:CI->O           1   0.059   0.000  XLXI_24/Mcount_slow_counter_cy<20> (XLXI_24/Mcount_slow_counter_cy<20>)
     MUXCY:CI->O           1   0.059   0.000  XLXI_24/Mcount_slow_counter_cy<21> (XLXI_24/Mcount_slow_counter_cy<21>)
     MUXCY:CI->O           1   0.059   0.000  XLXI_24/Mcount_slow_counter_cy<22> (XLXI_24/Mcount_slow_counter_cy<22>)
     MUXCY:CI->O           1   0.059   0.000  XLXI_24/Mcount_slow_counter_cy<23> (XLXI_24/Mcount_slow_counter_cy<23>)
     MUXCY:CI->O           1   0.059   0.000  XLXI_24/Mcount_slow_counter_cy<24> (XLXI_24/Mcount_slow_counter_cy<24>)
     MUXCY:CI->O           1   0.059   0.000  XLXI_24/Mcount_slow_counter_cy<25> (XLXI_24/Mcount_slow_counter_cy<25>)
     MUXCY:CI->O           0   0.059   0.000  XLXI_24/Mcount_slow_counter_cy<26> (XLXI_24/Mcount_slow_counter_cy<26>)
     XORCY:CI->O           1   0.804   0.000  XLXI_24/Mcount_slow_counter_xor<27> (XLXI_24/Mcount_slow_counter27)
     FDE:D                     0.308          XLXI_24/slow_counter_27
    ----------------------------------------
    Total                      8.482ns (6.563ns logic, 1.919ns route)
                                       (77.4% logic, 22.6% route)

=========================================================================
Timing constraint: Default OFFSET IN BEFORE for Clock 'Clk_50MHz'
  Total number of paths / destination ports: 163 / 47
-------------------------------------------------------------------------
Offset:              6.221ns (Levels of Logic = 11)
  Source:            LOAD (PAD)
  Destination:       XLXI_24/number_7 (FF)
  Destination Clock: Clk_50MHz rising

  Data Path: LOAD to XLXI_24/number_7
                                Gate     Net
    Cell:in->out      fanout   Delay   Delay  Logical Name (Net Name)
    ----------------------------------------  ------------
     IBUF:I->O             2   1.218   0.447  LOAD_IBUF (LOAD_IBUF)
     INV:I->O              8   0.704   0.757  LOAD_inv1_INV_0 (LOAD_inv)
     MULT_AND:I1->LO       0   0.741   0.000  XLXI_24/Mcount_number_mand (XLXI_24/Mcount_number_mand)
     MUXCY:DI->O           1   0.888   0.000  XLXI_24/Mcount_number_cy<0> (XLXI_24/Mcount_number_cy<0>)
     MUXCY:CI->O           1   0.059   0.000  XLXI_24/Mcount_number_cy<1> (XLXI_24/Mcount_number_cy<1>)
     MUXCY:CI->O           1   0.059   0.000  XLXI_24/Mcount_number_cy<2> (XLXI_24/Mcount_number_cy<2>)
     MUXCY:CI->O           1   0.059   0.000  XLXI_24/Mcount_number_cy<3> (XLXI_24/Mcount_number_cy<3>)
     MUXCY:CI->O           1   0.059   0.000  XLXI_24/Mcount_number_cy<4> (XLXI_24/Mcount_number_cy<4>)
     MUXCY:CI->O           1   0.059   0.000  XLXI_24/Mcount_number_cy<5> (XLXI_24/Mcount_number_cy<5>)
     MUXCY:CI->O           0   0.059   0.000  XLXI_24/Mcount_number_cy<6> (XLXI_24/Mcount_number_cy<6>)
     XORCY:CI->O           1   0.804   0.000  XLXI_24/Mcount_number_xor<7> (XLXI_24/Mcount_number8)
     FDCE:D                    0.308          XLXI_24/number_7
    ----------------------------------------
    Total                      6.221ns (5.017ns logic, 1.204ns route)
                                       (80.6% logic, 19.4% route)

=========================================================================
Timing constraint: Default OFFSET OUT AFTER for Clock 'Clk_50MHz'
  Total number of paths / destination ports: 26 / 7
-------------------------------------------------------------------------
Offset:              6.080ns (Levels of Logic = 3)
  Source:            XLXI_23/State_20 (FF)
  Destination:       LCD_RW (PAD)
  Source Clock:      Clk_50MHz rising

  Data Path: XLXI_23/State_20 to LCD_RW
                                Gate     Net
    Cell:in->out      fanout   Delay   Delay  Logical Name (Net Name)
    ----------------------------------------  ------------
     FDRS:C->Q             6   0.591   0.844  State_20 (State<20>)
     LUT2:I0->O            6   0.704   0.669  T_or00001 (LCD_RW)
     end scope: 'XLXI_23'
     OBUF:I->O                 3.272          LCD_RW_OBUF (LCD_RW)
    ----------------------------------------
    Total                      6.080ns (4.567ns logic, 1.513ns route)
                                       (75.1% logic, 24.9% route)

=========================================================================


Total REAL time to Xst completion: 5.00 secs
Total CPU time to Xst completion: 4.91 secs
 
--> 

Total memory usage is 4531916 kilobytes

Number of errors   :    0 (   0 filtered)
Number of warnings :   13 (   0 filtered)
Number of infos    :    6 (   0 filtered)

