Running: D:\Xilinx\14.7\ISE_DS\ISE\bin\nt64\unwrapped\fuse.exe -intstyle ise -incremental -o C:/Users/adamc/Desktop/lab6JSAC/ihatexilinx_isim_beh.exe -prj C:/Users/adamc/Desktop/lab6JSAC/ihatexilinx_beh.prj work.ihatexilinx 
ISim P.20131013 (signature 0x7708f090)
Number of CPUs detected in this system: 4
Turning on mult-threading, number of parallel sub-compilation jobs: 8 
Determining compilation order of HDL files
Parsing VHDL file "C:/Users/adamc/Desktop/lab6JSAC/counter.vhd" into library work
Parsing VHDL file "C:/Users/adamc/Desktop/lab6JSAC/ihatexilinx.vhd" into library work
Starting static elaboration
Completed static elaboration
Compiling package standard
Compiling package std_logic_1164
Compiling package numeric_std
Compiling architecture behavioral of entity counter [counter_default]
Compiling architecture behavior of entity ihatexilinx
Time Resolution for simulation is 1ps.
Waiting for 1 sub-compilation(s) to finish...
Compiled 6 VHDL Units
Built simulation executable C:/Users/adamc/Desktop/lab6JSAC/ihatexilinx_isim_beh.exe
Fuse Memory Usage: 35844 KB
Fuse CPU Usage: 468 ms
