Running: C:\Xilinx\14.7\ISE_DS\ISE\bin\nt64\unwrapped\fuse.exe -intstyle ise -incremental -o C:/Users/lab/zad1sch/sche1_sche1_sch_tb_isim_beh.exe -prj C:/Users/lab/zad1sch/sche1_sche1_sch_tb_beh.prj work.sche1_sche1_sch_tb 
ISim P.20131013 (signature 0x7708f090)
Number of CPUs detected in this system: 12
Turning on mult-threading, number of parallel sub-compilation jobs: 24 
Determining compilation order of HDL files
Parsing VHDL file "C:/Users/lab/zad1sch/sche1.vhf" into library work
Parsing VHDL file "C:/Users/lab/zad1sch/test.vhd" into library work
Starting static elaboration
Completed static elaboration
Compiling package standard
Compiling package std_logic_1164
Compiling package numeric_std
Compiling package vcomponents
Compiling architecture and2_v of entity AND2 [and2_default]
Compiling architecture behavioral of entity sche1 [sche1_default]
Compiling architecture behavioral of entity sche1_sche1_sch_tb
Time Resolution for simulation is 1ps.
Waiting for 1 sub-compilation(s) to finish...
Compiled 9 VHDL Units
Built simulation executable C:/Users/lab/zad1sch/sche1_sche1_sch_tb_isim_beh.exe
Fuse Memory Usage: 50880 KB
Fuse CPU Usage: 453 ms
