Running: C:\Xilinx\14.7\ISE_DS\ISE\bin\nt64\unwrapped\fuse.exe -intstyle ise -incremental -o C:/Users/lab/Desktop/Lab4/zad4pop/sch4_sch4_sch_tb_isim_beh.exe -prj C:/Users/lab/Desktop/Lab4/zad4pop/sch4_sch4_sch_tb_beh.prj work.sch4_sch4_sch_tb 
ISim P.20131013 (signature 0x7708f090)
Number of CPUs detected in this system: 12
Turning on mult-threading, number of parallel sub-compilation jobs: 24 
Determining compilation order of HDL files
Parsing VHDL file "C:/Users/lab/Desktop/Lab4/zad4pop/sch4.vhf" into library work
Parsing VHDL file "C:/Users/lab/Desktop/Lab4/zad4pop/test4.vhd" into library work
Starting static elaboration
Completed static elaboration
Compiling package standard
Compiling package std_logic_1164
Compiling package numeric_std
Compiling package vcomponents
Compiling architecture and3_v of entity AND3 [and3_default]
Compiling architecture and3b1_v of entity AND3B1 [and3b1_default]
Compiling architecture and3b2_v of entity AND3B2 [and3b2_default]
Compiling architecture behavioral of entity D2_4E_MXILINX_sch4 [d2_4e_mxilinx_sch4_default]
Compiling architecture and2_v of entity AND2 [and2_default]
Compiling architecture nor2_v of entity NOR2 [nor2_default]
Compiling architecture and2b1_v of entity AND2B1 [and2b1_default]
Compiling architecture or2_v of entity OR2 [or2_default]
Compiling architecture xnor2_v of entity XNOR2 [xnor2_default]
Compiling architecture behavioral of entity COMPM4_MXILINX_sch4 [compm4_mxilinx_sch4_default]
Compiling architecture vcc_v of entity VCC [vcc_default]
Compiling architecture behavioral of entity sch4 [sch4_default]
Compiling architecture behavioral of entity sch4_sch4_sch_tb
Time Resolution for simulation is 1ps.
Waiting for 1 sub-compilation(s) to finish...
Compiled 29 VHDL Units
Built simulation executable C:/Users/lab/Desktop/Lab4/zad4pop/sch4_sch4_sch_tb_isim_beh.exe
Fuse Memory Usage: 51236 KB
Fuse CPU Usage: 452 ms
